{"/home/travis/build/npmtest/node-npmtest-react-intl/test.js":{"path":"/home/travis/build/npmtest/node-npmtest-react-intl/test.js","s":{"1":2,"2":2,"3":2,"4":2,"5":2,"6":2,"7":2,"8":1,"9":2,"10":2,"11":1,"12":1,"13":1,"14":1,"15":2,"16":2,"17":2,"18":2,"19":1,"20":1,"21":2,"22":2,"23":2,"24":1,"25":1,"26":1,"27":1,"28":1,"29":1,"30":1,"31":1,"32":1,"33":1,"34":1,"35":1,"36":1,"37":2,"38":2,"39":1,"40":2,"41":2,"42":1,"43":2,"44":2,"45":1,"46":2,"47":2,"48":1,"49":1,"50":1,"51":1,"52":1},"b":{"1":[2,1,1,1],"2":[1,1,1,1],"3":[1,1],"4":[1,1],"5":[1,1],"6":[1,1],"7":[1,1],"8":[1,1],"9":[1,1,1],"10":[1,1],"11":[1,1],"12":[1,1],"13":[1,1],"14":[1,1],"15":[1,1],"16":[1,1]},"f":{"1":2,"2":2,"3":2,"4":2,"5":2,"6":1,"7":1,"8":2,"9":2,"10":2,"11":2,"12":1},"fnMap":{"1":{"name":"(anonymous_1)","line":12,"loc":{"start":{"line":12,"column":1},"end":{"line":12,"column":13}}},"2":{"name":"(anonymous_2)","line":19,"loc":{"start":{"line":19,"column":5},"end":{"line":19,"column":17}}},"3":{"name":"(anonymous_3)","line":23,"loc":{"start":{"line":23,"column":24},"end":{"line":23,"column":36}}},"4":{"name":"(anonymous_4)","line":61,"loc":{"start":{"line":61,"column":5},"end":{"line":61,"column":17}}},"5":{"name":"(anonymous_5)","line":82,"loc":{"start":{"line":82,"column":5},"end":{"line":82,"column":17}}},"6":{"name":"(anonymous_6)","line":102,"loc":{"start":{"line":102,"column":83},"end":{"line":105,"column":10}},"skip":true},"7":{"name":"(anonymous_7)","line":113,"loc":{"start":{"line":113,"column":77},"end":{"line":116,"column":10}},"skip":true},"8":{"name":"(anonymous_8)","line":129,"loc":{"start":{"line":129,"column":12},"end":{"line":129,"column":40}},"skip":true},"9":{"name":"(anonymous_9)","line":137,"loc":{"start":{"line":137,"column":77},"end":{"line":140,"column":10}},"skip":true},"10":{"name":"(anonymous_10)","line":148,"loc":{"start":{"line":148,"column":83},"end":{"line":151,"column":10}},"skip":true},"11":{"name":"(anonymous_11)","line":159,"loc":{"start":{"line":159,"column":79},"end":{"line":162,"column":10}},"skip":true},"12":{"name":"(anonymous_12)","line":170,"loc":{"start":{"line":170,"column":75},"end":{"line":173,"column":10}},"skip":true}},"statementMap":{"1":{"start":{"line":12,"column":0},"end":{"line":185,"column":5}},"2":{"start":{"line":14,"column":4},"end":{"line":14,"column":14}},"3":{"start":{"line":19,"column":4},"end":{"line":56,"column":9}},"4":{"start":{"line":21,"column":8},"end":{"line":21,"column":19}},"5":{"start":{"line":23,"column":8},"end":{"line":35,"column":13}},"6":{"start":{"line":24,"column":12},"end":{"line":34,"column":13}},"7":{"start":{"line":25,"column":16},"end":{"line":28,"column":30}},"8":{"start":{"line":30,"column":16},"end":{"line":33,"column":27}},"9":{"start":{"line":37,"column":8},"end":{"line":39,"column":21}},"10":{"start":{"line":40,"column":8},"end":{"line":53,"column":9}},"11":{"start":{"line":43,"column":12},"end":{"line":46,"column":14}},"12":{"start":{"line":47,"column":12},"end":{"line":47,"column":18}},"13":{"start":{"line":50,"column":12},"end":{"line":51,"column":46}},"14":{"start":{"line":52,"column":12},"end":{"line":52,"column":18}},"15":{"start":{"line":55,"column":8},"end":{"line":55,"column":35}},"16":{"start":{"line":61,"column":4},"end":{"line":63,"column":9}},"17":{"start":{"line":62,"column":8},"end":{"line":62,"column":15}},"18":{"start":{"line":64,"column":4},"end":{"line":77,"column":5}},"19":{"start":{"line":70,"column":8},"end":{"line":70,"column":14}},"20":{"start":{"line":76,"column":8},"end":{"line":76,"column":14}},"21":{"start":{"line":82,"column":4},"end":{"line":84,"column":9}},"22":{"start":{"line":83,"column":8},"end":{"line":83,"column":15}},"23":{"start":{"line":85,"column":4},"end":{"line":184,"column":5}},"24":{"start":{"line":92,"column":8},"end":{"line":94,"column":63}},"25":{"start":{"line":95,"column":8},"end":{"line":95,"column":14}},"26":{"start":{"line":102,"column":8},"end":{"line":111,"column":10},"skip":true},"27":{"start":{"line":109,"column":12},"end":{"line":109,"column":55},"skip":true},"28":{"start":{"line":110,"column":12},"end":{"line":110,"column":48},"skip":true},"29":{"start":{"line":113,"column":8},"end":{"line":126,"column":10},"skip":true},"30":{"start":{"line":120,"column":12},"end":{"line":120,"column":76},"skip":true},"31":{"start":{"line":121,"column":12},"end":{"line":121,"column":73},"skip":true},"32":{"start":{"line":122,"column":12},"end":{"line":122,"column":74},"skip":true},"33":{"start":{"line":123,"column":12},"end":{"line":123,"column":79},"skip":true},"34":{"start":{"line":124,"column":12},"end":{"line":124,"column":25},"skip":true},"35":{"start":{"line":125,"column":12},"end":{"line":125,"column":45},"skip":true},"36":{"start":{"line":128,"column":8},"end":{"line":135,"column":14},"skip":true},"37":{"start":{"line":133,"column":16},"end":{"line":133,"column":29},"skip":true},"38":{"start":{"line":134,"column":16},"end":{"line":134,"column":55},"skip":true},"39":{"start":{"line":137,"column":8},"end":{"line":146,"column":10},"skip":true},"40":{"start":{"line":144,"column":12},"end":{"line":144,"column":25},"skip":true},"41":{"start":{"line":145,"column":12},"end":{"line":145,"column":45},"skip":true},"42":{"start":{"line":148,"column":8},"end":{"line":157,"column":10},"skip":true},"43":{"start":{"line":155,"column":12},"end":{"line":155,"column":25},"skip":true},"44":{"start":{"line":156,"column":12},"end":{"line":156,"column":48},"skip":true},"45":{"start":{"line":159,"column":8},"end":{"line":168,"column":10},"skip":true},"46":{"start":{"line":166,"column":12},"end":{"line":166,"column":25},"skip":true},"47":{"start":{"line":167,"column":12},"end":{"line":167,"column":46},"skip":true},"48":{"start":{"line":170,"column":8},"end":{"line":179,"column":10},"skip":true},"49":{"start":{"line":177,"column":12},"end":{"line":177,"column":94},"skip":true},"50":{"start":{"line":178,"column":12},"end":{"line":178,"column":48},"skip":true},"51":{"start":{"line":182,"column":8},"end":{"line":182,"column":35},"skip":true},"52":{"start":{"line":183,"column":8},"end":{"line":183,"column":14},"skip":true}},"branchMap":{"1":{"line":25,"type":"binary-expr","locations":[{"start":{"line":25,"column":23},"end":{"line":25,"column":62}},{"start":{"line":26,"column":20},"end":{"line":26,"column":70}},{"start":{"line":27,"column":20},"end":{"line":27,"column":71}},{"start":{"line":28,"column":20},"end":{"line":28,"column":29}}]},"2":{"line":30,"type":"binary-expr","locations":[{"start":{"line":30,"column":23},"end":{"line":30,"column":37}},{"start":{"line":31,"column":20},"end":{"line":31,"column":61}},{"start":{"line":32,"column":20},"end":{"line":32,"column":70}},{"start":{"line":33,"column":20},"end":{"line":33,"column":26}}]},"3":{"line":37,"type":"cond-expr","locations":[{"start":{"line":38,"column":14},"end":{"line":38,"column":20}},{"start":{"line":39,"column":14},"end":{"line":39,"column":20}}]},"4":{"line":40,"type":"switch","locations":[{"start":{"line":42,"column":8},"end":{"line":47,"column":18}},{"start":{"line":49,"column":8},"end":{"line":52,"column":18}}]},"5":{"line":44,"type":"binary-expr","locations":[{"start":{"line":44,"column":16},"end":{"line":44,"column":44}},{"start":{"line":44,"column":48},"end":{"line":44,"column":66}}]},"6":{"line":50,"type":"binary-expr","locations":[{"start":{"line":50,"column":21},"end":{"line":50,"column":49}},{"start":{"line":50,"column":53},"end":{"line":50,"column":72}}]},"7":{"line":64,"type":"switch","locations":[{"start":{"line":69,"column":4},"end":{"line":70,"column":14}},{"start":{"line":75,"column":4},"end":{"line":76,"column":14}}]},"8":{"line":85,"type":"switch","locations":[{"start":{"line":90,"column":4},"end":{"line":95,"column":14}},{"start":{"line":101,"column":4},"end":{"line":183,"column":14},"skip":true}]},"9":{"line":92,"type":"binary-expr","locations":[{"start":{"line":92,"column":18},"end":{"line":92,"column":32}},{"start":{"line":93,"column":12},"end":{"line":93,"column":53}},{"start":{"line":94,"column":12},"end":{"line":94,"column":61}}]},"10":{"line":102,"type":"binary-expr","locations":[{"start":{"line":102,"column":45},"end":{"line":102,"column":79},"skip":true},{"start":{"line":102,"column":83},"end":{"line":111,"column":9},"skip":true}]},"11":{"line":113,"type":"binary-expr","locations":[{"start":{"line":113,"column":42},"end":{"line":113,"column":73},"skip":true},{"start":{"line":113,"column":77},"end":{"line":126,"column":9},"skip":true}]},"12":{"line":128,"type":"binary-expr","locations":[{"start":{"line":128,"column":48},"end":{"line":128,"column":85},"skip":true},{"start":{"line":129,"column":12},"end":{"line":135,"column":13},"skip":true}]},"13":{"line":137,"type":"binary-expr","locations":[{"start":{"line":137,"column":42},"end":{"line":137,"column":73},"skip":true},{"start":{"line":137,"column":77},"end":{"line":146,"column":9},"skip":true}]},"14":{"line":148,"type":"binary-expr","locations":[{"start":{"line":148,"column":45},"end":{"line":148,"column":79},"skip":true},{"start":{"line":148,"column":83},"end":{"line":157,"column":9},"skip":true}]},"15":{"line":159,"type":"binary-expr","locations":[{"start":{"line":159,"column":43},"end":{"line":159,"column":75},"skip":true},{"start":{"line":159,"column":79},"end":{"line":168,"column":9},"skip":true}]},"16":{"line":170,"type":"binary-expr","locations":[{"start":{"line":170,"column":41},"end":{"line":170,"column":71},"skip":true},{"start":{"line":170,"column":75},"end":{"line":179,"column":9},"skip":true}]}},"code":["/* istanbul instrument in package npmtest_react_intl */","/*jslint","    bitwise: true,","    browser: true,","    maxerr: 8,","    maxlen: 96,","    node: true,","    nomen: true,","    regexp: true,","    stupid: true","*/","(function () {","    'use strict';","    var local;","","","","    // run shared js-env code - pre-init","    (function () {","        // init local","        local = {};","        // init modeJs","        local.modeJs = (function () {","            try {","                return typeof navigator.userAgent === 'string' &&","                    typeof document.querySelector('body') === 'object' &&","                    typeof XMLHttpRequest.prototype.open === 'function' &&","                    'browser';","            } catch (errorCaughtBrowser) {","                return module.exports &&","                    typeof process.versions.node === 'string' &&","                    typeof require('http').createServer === 'function' &&","                    'node';","            }","        }());","        // init global","        local.global = local.modeJs === 'browser'","            ? window","            : global;","        switch (local.modeJs) {","        // re-init local from window.local","        case 'browser':","            local = local.global.utility2.objectSetDefault(","                local.global.utility2_rollup || local.global.local,","                local.global.utility2","            );","            break;","        // re-init local from example.js","        case 'node':","            local = (local.global.utility2_rollup || require('utility2'))","                .requireExampleJsFromReadme();","            break;","        }","        // export local","        local.global.local = local;","    }());","","","","    // run shared js-env code - function","    (function () {","        return;","    }());","    switch (local.modeJs) {","","","","    // run browser js-env code - function","    case 'browser':","        break;","","","","    // run node js-env code - function","    case 'node':","        break;","    }","","","","    // run shared js-env code - post-init","    (function () {","        return;","    }());","    switch (local.modeJs) {","","","","    // run browser js-env code - post-init","    case 'browser':","        // run tests","        local.nop(local.modeTest &&","            document.querySelector('#testRunButton1') &&","            document.querySelector('#testRunButton1').click());","        break;","","","","    // run node js-env code - post-init","    /* istanbul ignore next */","    case 'node':","        local.testCase_buildApidoc_default = local.testCase_buildApidoc_default || function (","            options,","            onError","        ) {","        /*","         * this function will test buildApidoc's default handling-behavior-behavior","         */","            options = { modulePathList: module.paths };","            local.buildApidoc(options, onError);","        };","","        local.testCase_buildApp_default = local.testCase_buildApp_default || function (","            options,","            onError","        ) {","        /*","         * this function will test buildApp's default handling-behavior-behavior","         */","            local.testCase_buildReadme_default(options, local.onErrorThrow);","            local.testCase_buildLib_default(options, local.onErrorThrow);","            local.testCase_buildTest_default(options, local.onErrorThrow);","            local.testCase_buildCustomOrg_default(options, local.onErrorThrow);","            options = [];","            local.buildApp(options, onError);","        };","","        local.testCase_buildCustomOrg_default = local.testCase_buildCustomOrg_default ||","            function (options, onError) {","            /*","             * this function will test buildCustomOrg's default handling-behavior","             */","                options = {};","                local.buildCustomOrg(options, onError);","            };","","        local.testCase_buildLib_default = local.testCase_buildLib_default || function (","            options,","            onError","        ) {","        /*","         * this function will test buildLib's default handling-behavior","         */","            options = {};","            local.buildLib(options, onError);","        };","","        local.testCase_buildReadme_default = local.testCase_buildReadme_default || function (","            options,","            onError","        ) {","        /*","         * this function will test buildReadme's default handling-behavior-behavior","         */","            options = {};","            local.buildReadme(options, onError);","        };","","        local.testCase_buildTest_default = local.testCase_buildTest_default || function (","            options,","            onError","        ) {","        /*","         * this function will test buildTest's default handling-behavior","         */","            options = {};","            local.buildTest(options, onError);","        };","","        local.testCase_webpage_default = local.testCase_webpage_default || function (","            options,","            onError","        ) {","        /*","         * this function will test webpage's default handling-behavior","         */","            options = { modeCoverageMerge: true, url: local.serverLocalHost + '?modeTest=1' };","            local.browserTest(options, onError);","        };","","        // run test-server","        local.testRunServer(local);","        break;","    }","}());",""],"l":{"12":2,"14":2,"19":2,"21":2,"23":2,"24":2,"25":2,"30":1,"37":2,"40":2,"43":1,"47":1,"50":1,"52":1,"55":2,"61":2,"62":2,"64":2,"70":1,"76":1,"82":2,"83":2,"85":2,"92":1,"95":1,"102":1,"109":1,"110":1,"113":1,"120":1,"121":1,"122":1,"123":1,"124":1,"125":1,"128":1,"133":2,"134":2,"137":1,"144":2,"145":2,"148":1,"155":2,"156":2,"159":1,"166":2,"167":2,"170":1,"177":1,"178":1,"182":1,"183":1}},"/home/travis/build/npmtest/node-npmtest-react-intl/lib.npmtest_react_intl.js":{"path":"/home/travis/build/npmtest/node-npmtest-react-intl/lib.npmtest_react_intl.js","s":{"1":2,"2":2,"3":2,"4":2,"5":2,"6":2,"7":2,"8":1,"9":2,"10":2,"11":2,"12":2,"13":1,"14":1,"15":1,"16":1},"b":{"1":[2,1,1,1],"2":[1,1,1,1],"3":[1,1],"4":[2,2],"5":[1,1]},"f":{"1":2,"2":2,"3":2},"fnMap":{"1":{"name":"(anonymous_1)","line":12,"loc":{"start":{"line":12,"column":1},"end":{"line":12,"column":13}}},"2":{"name":"(anonymous_2)","line":19,"loc":{"start":{"line":19,"column":5},"end":{"line":19,"column":17}}},"3":{"name":"(anonymous_3)","line":23,"loc":{"start":{"line":23,"column":24},"end":{"line":23,"column":36}}}},"statementMap":{"1":{"start":{"line":12,"column":0},"end":{"line":53,"column":5}},"2":{"start":{"line":14,"column":4},"end":{"line":14,"column":14}},"3":{"start":{"line":19,"column":4},"end":{"line":52,"column":9}},"4":{"start":{"line":21,"column":8},"end":{"line":21,"column":19}},"5":{"start":{"line":23,"column":8},"end":{"line":35,"column":13}},"6":{"start":{"line":24,"column":12},"end":{"line":34,"column":13}},"7":{"start":{"line":25,"column":16},"end":{"line":28,"column":30}},"8":{"start":{"line":30,"column":16},"end":{"line":33,"column":27}},"9":{"start":{"line":37,"column":8},"end":{"line":39,"column":21}},"10":{"start":{"line":41,"column":8},"end":{"line":41,"column":54}},"11":{"start":{"line":43,"column":8},"end":{"line":43,"column":55}},"12":{"start":{"line":45,"column":8},"end":{"line":51,"column":9}},"13":{"start":{"line":46,"column":12},"end":{"line":46,"column":61}},"14":{"start":{"line":48,"column":12},"end":{"line":48,"column":35}},"15":{"start":{"line":49,"column":12},"end":{"line":49,"column":49}},"16":{"start":{"line":50,"column":12},"end":{"line":50,"column":43}}},"branchMap":{"1":{"line":25,"type":"binary-expr","locations":[{"start":{"line":25,"column":23},"end":{"line":25,"column":62}},{"start":{"line":26,"column":20},"end":{"line":26,"column":70}},{"start":{"line":27,"column":20},"end":{"line":27,"column":71}},{"start":{"line":28,"column":20},"end":{"line":28,"column":29}}]},"2":{"line":30,"type":"binary-expr","locations":[{"start":{"line":30,"column":23},"end":{"line":30,"column":37}},{"start":{"line":31,"column":20},"end":{"line":31,"column":61}},{"start":{"line":32,"column":20},"end":{"line":32,"column":70}},{"start":{"line":33,"column":20},"end":{"line":33,"column":26}}]},"3":{"line":37,"type":"cond-expr","locations":[{"start":{"line":38,"column":14},"end":{"line":38,"column":20}},{"start":{"line":39,"column":14},"end":{"line":39,"column":20}}]},"4":{"line":41,"type":"binary-expr","locations":[{"start":{"line":41,"column":16},"end":{"line":41,"column":44}},{"start":{"line":41,"column":48},"end":{"line":41,"column":53}}]},"5":{"line":45,"type":"if","locations":[{"start":{"line":45,"column":8},"end":{"line":45,"column":8}},{"start":{"line":45,"column":8},"end":{"line":45,"column":8}}]}},"code":["/* istanbul instrument in package npmtest_react_intl */","/*jslint","    bitwise: true,","    browser: true,","    maxerr: 8,","    maxlen: 96,","    node: true,","    nomen: true,","    regexp: true,","    stupid: true","*/","(function () {","    'use strict';","    var local;","","","","    // run shared js-env code - pre-init","    (function () {","        // init local","        local = {};","        // init modeJs","        local.modeJs = (function () {","            try {","                return typeof navigator.userAgent === 'string' &&","                    typeof document.querySelector('body') === 'object' &&","                    typeof XMLHttpRequest.prototype.open === 'function' &&","                    'browser';","            } catch (errorCaughtBrowser) {","                return module.exports &&","                    typeof process.versions.node === 'string' &&","                    typeof require('http').createServer === 'function' &&","                    'node';","            }","        }());","        // init global","        local.global = local.modeJs === 'browser'","            ? window","            : global;","        // init utility2_rollup","        local = local.global.utility2_rollup || local;","        // init lib","        local.local = local.npmtest_react_intl = local;","        // init exports","        if (local.modeJs === 'browser') {","            local.global.utility2_npmtest_react_intl = local;","        } else {","            module.exports = local;","            module.exports.__dirname = __dirname;","            module.exports.module = module;","        }","    }());","}());",""],"l":{"12":2,"14":2,"19":2,"21":2,"23":2,"24":2,"25":2,"30":1,"37":2,"41":2,"43":2,"45":2,"46":1,"48":1,"49":1,"50":1}},"/home/travis/build/npmtest/node-npmtest-react-intl/example.js":{"path":"/home/travis/build/npmtest/node-npmtest-react-intl/example.js","s":{"1":2,"2":2,"3":2,"4":2,"5":2,"6":2,"7":2,"8":1,"9":2,"10":2,"11":2,"12":2,"13":1,"14":2,"15":2,"16":2,"17":2,"18":2,"19":0,"20":2,"21":1,"22":1,"23":1,"24":1,"25":1,"26":0,"27":0,"28":1,"29":1,"30":2,"31":0,"32":0,"33":0,"34":1,"35":2,"36":2,"37":2,"38":2,"39":2,"40":2,"41":0,"42":2,"43":2,"44":2,"45":1,"46":3,"47":1,"48":1,"49":1,"50":1,"51":1,"52":1,"53":1,"54":1,"55":1,"56":1,"57":0,"58":1,"59":6,"60":6,"61":1,"62":2,"63":0,"64":2,"65":1,"66":1,"67":0,"68":0,"69":0,"70":0,"71":0,"72":0,"73":0,"74":0,"75":0,"76":0,"77":0,"78":0,"79":0,"80":0,"81":0,"82":0,"83":0},"b":{"1":[2,1,1,1],"2":[1,1,1,1],"3":[1,1],"4":[2,2],"5":[1,1],"6":[1,1],"7":[2,0],"8":[2,1,1,1,1,1],"9":[0,2,0],"10":[1,1],"11":[2,1,1],"12":[1,0],"13":[0,2],"14":[2,0,0,0,0,0,0],"15":[0,2],"16":[2,0],"17":[1,1],"18":[0,1],"19":[1,2,0,2],"20":[1,0],"21":[1,1],"22":[0,0],"23":[0,0],"24":[0,0],"25":[0,0],"26":[0,0],"27":[0,0],"28":[0,0]},"f":{"1":2,"2":2,"3":2,"4":2,"5":2,"6":2,"7":2,"8":2,"9":3,"10":1,"11":6,"12":0},"fnMap":{"1":{"name":"(anonymous_1)","line":26,"loc":{"start":{"line":26,"column":1},"end":{"line":26,"column":13}}},"2":{"name":"(anonymous_2)","line":33,"loc":{"start":{"line":33,"column":5},"end":{"line":33,"column":17}}},"3":{"name":"(anonymous_3)","line":37,"loc":{"start":{"line":37,"column":24},"end":{"line":37,"column":36}}},"4":{"name":"(anonymous_4)","line":69,"loc":{"start":{"line":69,"column":31},"end":{"line":69,"column":48}},"skip":true},"5":{"name":"(anonymous_5)","line":78,"loc":{"start":{"line":78,"column":26},"end":{"line":78,"column":45}},"skip":true},"6":{"name":"(anonymous_6)","line":123,"loc":{"start":{"line":123,"column":33},"end":{"line":123,"column":48}},"skip":true},"7":{"name":"(anonymous_7)","line":125,"loc":{"start":{"line":125,"column":27},"end":{"line":125,"column":39}},"skip":true},"8":{"name":"(anonymous_8)","line":133,"loc":{"start":{"line":133,"column":59},"end":{"line":133,"column":74}},"skip":true},"9":{"name":"(anonymous_9)","line":143,"loc":{"start":{"line":143,"column":45},"end":{"line":143,"column":62}},"skip":true},"10":{"name":"(anonymous_10)","line":144,"loc":{"start":{"line":144,"column":73},"end":{"line":144,"column":92}},"skip":true},"11":{"name":"(anonymous_11)","line":272,"loc":{"start":{"line":272,"column":51},"end":{"line":272,"column":77}},"skip":true},"12":{"name":"(anonymous_12)","line":314,"loc":{"start":{"line":314,"column":32},"end":{"line":314,"column":61}},"skip":true}},"statementMap":{"1":{"start":{"line":26,"column":0},"end":{"line":325,"column":5}},"2":{"start":{"line":28,"column":4},"end":{"line":28,"column":14}},"3":{"start":{"line":33,"column":4},"end":{"line":60,"column":9}},"4":{"start":{"line":35,"column":8},"end":{"line":35,"column":19}},"5":{"start":{"line":37,"column":8},"end":{"line":49,"column":13}},"6":{"start":{"line":38,"column":12},"end":{"line":48,"column":13}},"7":{"start":{"line":39,"column":16},"end":{"line":42,"column":30}},"8":{"start":{"line":44,"column":16},"end":{"line":47,"column":27}},"9":{"start":{"line":51,"column":8},"end":{"line":53,"column":21}},"10":{"start":{"line":55,"column":8},"end":{"line":57,"column":45}},"11":{"start":{"line":59,"column":8},"end":{"line":59,"column":35}},"12":{"start":{"line":61,"column":4},"end":{"line":324,"column":5}},"13":{"start":{"line":69,"column":8},"end":{"line":121,"column":10},"skip":true},"14":{"start":{"line":70,"column":12},"end":{"line":88,"column":13},"skip":true},"15":{"start":{"line":76,"column":16},"end":{"line":87,"column":19},"skip":true},"16":{"start":{"line":79,"column":20},"end":{"line":86,"column":21},"skip":true},"17":{"start":{"line":82,"column":24},"end":{"line":82,"column":43},"skip":true},"18":{"start":{"line":83,"column":24},"end":{"line":83,"column":30},"skip":true},"19":{"start":{"line":85,"column":24},"end":{"line":85,"column":49},"skip":true},"20":{"start":{"line":89,"column":12},"end":{"line":107,"column":13},"skip":true},"21":{"start":{"line":92,"column":16},"end":{"line":102,"column":17},"skip":true},"22":{"start":{"line":93,"column":20},"end":{"line":93,"column":86},"skip":true},"23":{"start":{"line":94,"column":20},"end":{"line":95,"column":45},"skip":true},"24":{"start":{"line":96,"column":20},"end":{"line":96,"column":42},"skip":true},"25":{"start":{"line":97,"column":20},"end":{"line":97,"column":48},"skip":true},"26":{"start":{"line":100,"column":20},"end":{"line":100,"column":85},"skip":true},"27":{"start":{"line":101,"column":20},"end":{"line":101,"column":96},"skip":true},"28":{"start":{"line":103,"column":16},"end":{"line":103,"column":22},"skip":true},"29":{"start":{"line":106,"column":16},"end":{"line":106,"column":22},"skip":true},"30":{"start":{"line":108,"column":12},"end":{"line":120,"column":13},"skip":true},"31":{"start":{"line":114,"column":16},"end":{"line":119,"column":17},"skip":true},"32":{"start":{"line":116,"column":20},"end":{"line":116,"column":78},"skip":true},"33":{"start":{"line":118,"column":20},"end":{"line":118,"column":53},"skip":true},"34":{"start":{"line":123,"column":8},"end":{"line":141,"column":11},"skip":true},"35":{"start":{"line":124,"column":12},"end":{"line":124,"column":54},"skip":true},"36":{"start":{"line":125,"column":12},"end":{"line":140,"column":14},"skip":true},"37":{"start":{"line":126,"column":16},"end":{"line":126,"column":28},"skip":true},"38":{"start":{"line":127,"column":16},"end":{"line":127,"column":69},"skip":true},"39":{"start":{"line":128,"column":16},"end":{"line":128,"column":75},"skip":true},"40":{"start":{"line":129,"column":16},"end":{"line":131,"column":17},"skip":true},"41":{"start":{"line":130,"column":20},"end":{"line":130,"column":27},"skip":true},"42":{"start":{"line":133,"column":16},"end":{"line":137,"column":36},"skip":true},"43":{"start":{"line":134,"column":20},"end":{"line":136,"column":55},"skip":true},"44":{"start":{"line":139,"column":16},"end":{"line":139,"column":57},"skip":true},"45":{"start":{"line":143,"column":8},"end":{"line":147,"column":11},"skip":true},"46":{"start":{"line":144,"column":12},"end":{"line":146,"column":15},"skip":true},"47":{"start":{"line":145,"column":16},"end":{"line":145,"column":70},"skip":true},"48":{"start":{"line":149,"column":8},"end":{"line":149,"column":31},"skip":true},"49":{"start":{"line":150,"column":8},"end":{"line":150,"column":14},"skip":true},"50":{"start":{"line":158,"column":8},"end":{"line":158,"column":31},"skip":true},"51":{"start":{"line":160,"column":8},"end":{"line":160,"column":33},"skip":true},"52":{"start":{"line":161,"column":8},"end":{"line":161,"column":37},"skip":true},"53":{"start":{"line":162,"column":8},"end":{"line":162,"column":35},"skip":true},"54":{"start":{"line":164,"column":8},"end":{"line":164,"column":50},"skip":true},"55":{"start":{"line":166,"column":8},"end":{"line":256,"column":2},"skip":true},"56":{"start":{"line":258,"column":8},"end":{"line":286,"column":9},"skip":true},"57":{"start":{"line":259,"column":12},"end":{"line":269,"column":14},"skip":true},"58":{"start":{"line":271,"column":12},"end":{"line":285,"column":19},"skip":true},"59":{"start":{"line":274,"column":20},"end":{"line":274,"column":35},"skip":true},"60":{"start":{"line":275,"column":20},"end":{"line":284,"column":21},"skip":true},"61":{"start":{"line":277,"column":24},"end":{"line":277,"column":64},"skip":true},"62":{"start":{"line":279,"column":24},"end":{"line":279,"column":40},"skip":true},"63":{"start":{"line":281,"column":24},"end":{"line":281,"column":40},"skip":true},"64":{"start":{"line":283,"column":24},"end":{"line":283,"column":39},"skip":true},"65":{"start":{"line":288,"column":8},"end":{"line":290,"column":9},"skip":true},"66":{"start":{"line":289,"column":12},"end":{"line":289,"column":18},"skip":true},"67":{"start":{"line":291,"column":8},"end":{"line":293,"column":54},"skip":true},"68":{"start":{"line":294,"column":8},"end":{"line":301,"column":37},"skip":true},"69":{"start":{"line":302,"column":8},"end":{"line":302,"column":82},"skip":true},"70":{"start":{"line":305,"column":8},"end":{"line":307,"column":9},"skip":true},"71":{"start":{"line":306,"column":12},"end":{"line":306,"column":82},"skip":true},"72":{"start":{"line":309,"column":8},"end":{"line":311,"column":9},"skip":true},"73":{"start":{"line":310,"column":12},"end":{"line":310,"column":18},"skip":true},"74":{"start":{"line":312,"column":8},"end":{"line":312,"column":54},"skip":true},"75":{"start":{"line":313,"column":8},"end":{"line":313,"column":69},"skip":true},"76":{"start":{"line":314,"column":8},"end":{"line":322,"column":36},"skip":true},"77":{"start":{"line":315,"column":12},"end":{"line":315,"column":61},"skip":true},"78":{"start":{"line":316,"column":12},"end":{"line":319,"column":13},"skip":true},"79":{"start":{"line":317,"column":16},"end":{"line":317,"column":75},"skip":true},"80":{"start":{"line":318,"column":16},"end":{"line":318,"column":23},"skip":true},"81":{"start":{"line":320,"column":12},"end":{"line":320,"column":38},"skip":true},"82":{"start":{"line":321,"column":12},"end":{"line":321,"column":27},"skip":true},"83":{"start":{"line":323,"column":8},"end":{"line":323,"column":14},"skip":true}},"branchMap":{"1":{"line":39,"type":"binary-expr","locations":[{"start":{"line":39,"column":23},"end":{"line":39,"column":62}},{"start":{"line":40,"column":20},"end":{"line":40,"column":70}},{"start":{"line":41,"column":20},"end":{"line":41,"column":71}},{"start":{"line":42,"column":20},"end":{"line":42,"column":29}}]},"2":{"line":44,"type":"binary-expr","locations":[{"start":{"line":44,"column":23},"end":{"line":44,"column":37}},{"start":{"line":45,"column":20},"end":{"line":45,"column":61}},{"start":{"line":46,"column":20},"end":{"line":46,"column":70}},{"start":{"line":47,"column":20},"end":{"line":47,"column":26}}]},"3":{"line":51,"type":"cond-expr","locations":[{"start":{"line":52,"column":14},"end":{"line":52,"column":20}},{"start":{"line":53,"column":14},"end":{"line":53,"column":20}}]},"4":{"line":55,"type":"binary-expr","locations":[{"start":{"line":55,"column":16},"end":{"line":55,"column":44}},{"start":{"line":55,"column":49},"end":{"line":57,"column":43}}]},"5":{"line":55,"type":"cond-expr","locations":[{"start":{"line":56,"column":14},"end":{"line":56,"column":54}},{"start":{"line":57,"column":14},"end":{"line":57,"column":43}}]},"6":{"line":61,"type":"switch","locations":[{"start":{"line":68,"column":4},"end":{"line":150,"column":14},"skip":true},{"start":{"line":156,"column":4},"end":{"line":323,"column":14},"skip":true}]},"7":{"line":70,"type":"if","locations":[{"start":{"line":70,"column":12},"end":{"line":70,"column":12},"skip":true},{"start":{"line":70,"column":12},"end":{"line":70,"column":12},"skip":true}]},"8":{"line":70,"type":"binary-expr","locations":[{"start":{"line":70,"column":16},"end":{"line":70,"column":22},"skip":true},{"start":{"line":70,"column":27},"end":{"line":70,"column":32},"skip":true},{"start":{"line":71,"column":20},"end":{"line":71,"column":39},"skip":true},{"start":{"line":72,"column":20},"end":{"line":72,"column":49},"skip":true},{"start":{"line":73,"column":20},"end":{"line":73,"column":58},"skip":true},{"start":{"line":74,"column":20},"end":{"line":74,"column":69},"skip":true}]},"9":{"line":79,"type":"switch","locations":[{"start":{"line":80,"column":20},"end":{"line":80,"column":33},"skip":true},{"start":{"line":81,"column":20},"end":{"line":83,"column":30},"skip":true},{"start":{"line":84,"column":20},"end":{"line":85,"column":49},"skip":true}]},"10":{"line":89,"type":"switch","locations":[{"start":{"line":90,"column":12},"end":{"line":103,"column":22},"skip":true},{"start":{"line":105,"column":12},"end":{"line":106,"column":22},"skip":true}]},"11":{"line":89,"type":"binary-expr","locations":[{"start":{"line":89,"column":20},"end":{"line":89,"column":25},"skip":true},{"start":{"line":89,"column":29},"end":{"line":89,"column":48},"skip":true},{"start":{"line":89,"column":52},"end":{"line":89,"column":74},"skip":true}]},"12":{"line":92,"type":"if","locations":[{"start":{"line":92,"column":16},"end":{"line":92,"column":16},"skip":true},{"start":{"line":92,"column":16},"end":{"line":92,"column":16},"skip":true}]},"13":{"line":108,"type":"if","locations":[{"start":{"line":108,"column":12},"end":{"line":108,"column":12},"skip":true},{"start":{"line":108,"column":12},"end":{"line":108,"column":12},"skip":true}]},"14":{"line":108,"type":"binary-expr","locations":[{"start":{"line":108,"column":16},"end":{"line":108,"column":61},"skip":true},{"start":{"line":108,"column":66},"end":{"line":108,"column":72},"skip":true},{"start":{"line":108,"column":77},"end":{"line":108,"column":82},"skip":true},{"start":{"line":109,"column":20},"end":{"line":109,"column":39},"skip":true},{"start":{"line":110,"column":20},"end":{"line":110,"column":49},"skip":true},{"start":{"line":111,"column":20},"end":{"line":111,"column":58},"skip":true},{"start":{"line":112,"column":20},"end":{"line":112,"column":68},"skip":true}]},"15":{"line":129,"type":"if","locations":[{"start":{"line":129,"column":16},"end":{"line":129,"column":16},"skip":true},{"start":{"line":129,"column":16},"end":{"line":129,"column":16},"skip":true}]},"16":{"line":134,"type":"cond-expr","locations":[{"start":{"line":135,"column":26},"end":{"line":135,"column":29},"skip":true},{"start":{"line":136,"column":26},"end":{"line":136,"column":54},"skip":true}]},"17":{"line":164,"type":"binary-expr","locations":[{"start":{"line":164,"column":27},"end":{"line":164,"column":43},"skip":true},{"start":{"line":164,"column":47},"end":{"line":164,"column":49},"skip":true}]},"18":{"line":258,"type":"if","locations":[{"start":{"line":258,"column":8},"end":{"line":258,"column":8},"skip":true},{"start":{"line":258,"column":8},"end":{"line":258,"column":8},"skip":true}]},"19":{"line":275,"type":"switch","locations":[{"start":{"line":276,"column":20},"end":{"line":277,"column":64},"skip":true},{"start":{"line":278,"column":20},"end":{"line":279,"column":40},"skip":true},{"start":{"line":280,"column":20},"end":{"line":281,"column":40},"skip":true},{"start":{"line":282,"column":20},"end":{"line":283,"column":39},"skip":true}]},"20":{"line":288,"type":"if","locations":[{"start":{"line":288,"column":8},"end":{"line":288,"column":8},"skip":true},{"start":{"line":288,"column":8},"end":{"line":288,"column":8},"skip":true}]},"21":{"line":288,"type":"binary-expr","locations":[{"start":{"line":288,"column":12},"end":{"line":288,"column":40},"skip":true},{"start":{"line":288,"column":44},"end":{"line":288,"column":67},"skip":true}]},"22":{"line":292,"type":"binary-expr","locations":[{"start":{"line":292,"column":12},"end":{"line":292,"column":50},"skip":true},{"start":{"line":293,"column":12},"end":{"line":293,"column":53},"skip":true}]},"23":{"line":295,"type":"binary-expr","locations":[{"start":{"line":295,"column":12},"end":{"line":295,"column":68},"skip":true},{"start":{"line":296,"column":12},"end":{"line":301,"column":36},"skip":true}]},"24":{"line":302,"type":"binary-expr","locations":[{"start":{"line":302,"column":43},"end":{"line":302,"column":75},"skip":true},{"start":{"line":302,"column":79},"end":{"line":302,"column":81},"skip":true}]},"25":{"line":305,"type":"if","locations":[{"start":{"line":305,"column":8},"end":{"line":305,"column":8},"skip":true},{"start":{"line":305,"column":8},"end":{"line":305,"column":8},"skip":true}]},"26":{"line":309,"type":"if","locations":[{"start":{"line":309,"column":8},"end":{"line":309,"column":8},"skip":true},{"start":{"line":309,"column":8},"end":{"line":309,"column":8},"skip":true}]},"27":{"line":312,"type":"binary-expr","locations":[{"start":{"line":312,"column":27},"end":{"line":312,"column":43},"skip":true},{"start":{"line":312,"column":47},"end":{"line":312,"column":53},"skip":true}]},"28":{"line":316,"type":"if","locations":[{"start":{"line":316,"column":12},"end":{"line":316,"column":12},"skip":true},{"start":{"line":316,"column":12},"end":{"line":316,"column":12},"skip":true}]}},"code":["/*","example.js","","quickstart example","","instruction","    1. save this script as example.js","    2. run the shell command:","        $ npm install npmtest-react-intl && PORT=8081 node example.js","    3. play with the browser-demo on http://127.0.0.1:8081","*/","","","","/* istanbul instrument in package npmtest_react_intl */","/*jslint","    bitwise: true,","    browser: true,","    maxerr: 8,","    maxlen: 96,","    node: true,","    nomen: true,","    regexp: true,","    stupid: true","*/","(function () {","    'use strict';","    var local;","","","","    // run shared js-env code - pre-init","    (function () {","        // init local","        local = {};","        // init modeJs","        local.modeJs = (function () {","            try {","                return typeof navigator.userAgent === 'string' &&","                    typeof document.querySelector('body') === 'object' &&","                    typeof XMLHttpRequest.prototype.open === 'function' &&","                    'browser';","            } catch (errorCaughtBrowser) {","                return module.exports &&","                    typeof process.versions.node === 'string' &&","                    typeof require('http').createServer === 'function' &&","                    'node';","            }","        }());","        // init global","        local.global = local.modeJs === 'browser'","            ? window","            : global;","        // init utility2_rollup","        local = local.global.utility2_rollup || (local.modeJs === 'browser'","            ? local.global.utility2_npmtest_react_intl","            : global.utility2_moduleExports);","        // export local","        local.global.local = local;","    }());","    switch (local.modeJs) {","","","","    // post-init","    // run browser js-env code - post-init","    /* istanbul ignore next */","    case 'browser':","        local.testRunBrowser = function (event) {","            if (!event || (event &&","                    event.currentTarget &&","                    event.currentTarget.className &&","                    event.currentTarget.className.includes &&","                    event.currentTarget.className.includes('onreset'))) {","                // reset output","                Array.from(","                    document.querySelectorAll('body > .resettable')","                ).forEach(function (element) {","                    switch (element.tagName) {","                    case 'INPUT':","                    case 'TEXTAREA':","                        element.value = '';","                        break;","                    default:","                        element.textContent = '';","                    }","                });","            }","            switch (event && event.currentTarget && event.currentTarget.id) {","            case 'testRunButton1':","                // show tests","                if (document.querySelector('#testReportDiv1').style.display === 'none') {","                    document.querySelector('#testReportDiv1').style.display = 'block';","                    document.querySelector('#testRunButton1').textContent =","                        'hide internal test';","                    local.modeTest = true;","                    local.testRunDefault(local);","                // hide tests","                } else {","                    document.querySelector('#testReportDiv1').style.display = 'none';","                    document.querySelector('#testRunButton1').textContent = 'run internal test';","                }","                break;","            // custom-case","            default:","                break;","            }","            if (document.querySelector('#inputTextareaEval1') && (!event || (event &&","                    event.currentTarget &&","                    event.currentTarget.className &&","                    event.currentTarget.className.includes &&","                    event.currentTarget.className.includes('oneval')))) {","                // try to eval input-code","                try {","                    /*jslint evil: true*/","                    eval(document.querySelector('#inputTextareaEval1').value);","                } catch (errorCaught) {","                    console.error(errorCaught.stack);","                }","            }","        };","        // log stderr and stdout to #outputTextareaStdout1","        ['error', 'log'].forEach(function (key) {","            console[key + '_original'] = console[key];","            console[key] = function () {","                var element;","                console[key + '_original'].apply(console, arguments);","                element = document.querySelector('#outputTextareaStdout1');","                if (!element) {","                    return;","                }","                // append text to #outputTextareaStdout1","                element.value += Array.from(arguments).map(function (arg) {","                    return typeof arg === 'string'","                        ? arg","                        : JSON.stringify(arg, null, 4);","                }).join(' ') + '\\n';","                // scroll textarea to bottom","                element.scrollTop = element.scrollHeight;","            };","        });","        // init event-handling","        ['change', 'click', 'keyup'].forEach(function (event) {","            Array.from(document.querySelectorAll('.on' + event)).forEach(function (element) {","                element.addEventListener(event, local.testRunBrowser);","            });","        });","        // run tests","        local.testRunBrowser();","        break;","","","","    // run node js-env code - post-init","    /* istanbul ignore next */","    case 'node':","        // export local","        module.exports = local;","        // require modules","        local.fs = require('fs');","        local.http = require('http');","        local.url = require('url');","        // init assets","        local.assetsDict = local.assetsDict || {};","        /* jslint-ignore-begin */","        local.assetsDict['/assets.index.template.html'] = '\\","<!doctype html>\\n\\","<html lang=\"en\">\\n\\","<head>\\n\\","<meta charset=\"UTF-8\">\\n\\","<meta name=\"viewport\" content=\"width=device-width, initial-scale=1\">\\n\\","<title>{{env.npm_package_name}} (v{{env.npm_package_version}})</title>\\n\\","<style>\\n\\","/*csslint\\n\\","    box-sizing: false,\\n\\","    universal-selector: false\\n\\","*/\\n\\","* {\\n\\","    box-sizing: border-box;\\n\\","}\\n\\","body {\\n\\","    background: #dde;\\n\\","    font-family: Arial, Helvetica, sans-serif;\\n\\","    margin: 2rem;\\n\\","}\\n\\","body > * {\\n\\","    margin-bottom: 1rem;\\n\\","}\\n\\",".utility2FooterDiv {\\n\\","    margin-top: 20px;\\n\\","    text-align: center;\\n\\","}\\n\\","</style>\\n\\","<style>\\n\\","/*csslint\\n\\","*/\\n\\","textarea {\\n\\","    font-family: monospace;\\n\\","    height: 10rem;\\n\\","    width: 100%;\\n\\","}\\n\\","textarea[readonly] {\\n\\","    background: #ddd;\\n\\","}\\n\\","</style>\\n\\","</head>\\n\\","<body>\\n\\","<!-- utility2-comment\\n\\","<div id=\"ajaxProgressDiv1\" style=\"background: #d00; height: 2px; left: 0; margin: 0; padding: 0; position: fixed; top: 0; transition: background 0.5s, width 1.5s; width: 25%;\"></div>\\n\\","utility2-comment -->\\n\\","<h1>\\n\\","<!-- utility2-comment\\n\\","    <a\\n\\","        {{#if env.npm_package_homepage}}\\n\\","        href=\"{{env.npm_package_homepage}}\"\\n\\","        {{/if env.npm_package_homepage}}\\n\\","        target=\"_blank\"\\n\\","    >\\n\\","utility2-comment -->\\n\\","        {{env.npm_package_name}} (v{{env.npm_package_version}})\\n\\","<!-- utility2-comment\\n\\","    </a>\\n\\","utility2-comment -->\\n\\","</h1>\\n\\","<h3>{{env.npm_package_description}}</h3>\\n\\","<!-- utility2-comment\\n\\","<h4><a download href=\"assets.app.js\">download standalone app</a></h4>\\n\\","<button class=\"onclick onreset\" id=\"testRunButton1\">run internal test</button><br>\\n\\","<div id=\"testReportDiv1\" style=\"display: none;\"></div>\\n\\","utility2-comment -->\\n\\","\\n\\","\\n\\","\\n\\","<label>stderr and stdout</label>\\n\\","<textarea class=\"resettable\" id=\"outputTextareaStdout1\" readonly></textarea>\\n\\","<!-- utility2-comment\\n\\","{{#if isRollup}}\\n\\","<script src=\"assets.app.js\"></script>\\n\\","{{#unless isRollup}}\\n\\","utility2-comment -->\\n\\","<script src=\"assets.utility2.rollup.js\"></script>\\n\\","<script src=\"jsonp.utility2._stateInit?callback=window.utility2._stateInit\"></script>\\n\\","<script src=\"assets.npmtest_react_intl.rollup.js\"></script>\\n\\","<script src=\"assets.example.js\"></script>\\n\\","<script src=\"assets.test.js\"></script>\\n\\","<!-- utility2-comment\\n\\","{{/if isRollup}}\\n\\","utility2-comment -->\\n\\","<div class=\"utility2FooterDiv\">\\n\\","    [ this app was created with\\n\\","    <a href=\"https://github.com/kaizhu256/node-utility2\" target=\"_blank\">utility2</a>\\n\\","    ]\\n\\","</div>\\n\\","</body>\\n\\","</html>\\n\\","';","        /* jslint-ignore-end */","        if (local.templateRender) {","            local.assetsDict['/'] = local.templateRender(","                local.assetsDict['/assets.index.template.html'],","                {","                    env: local.objectSetDefault(local.env, {","                        npm_package_description: 'the greatest app in the world!',","                        npm_package_name: 'my-app',","                        npm_package_nameAlias: 'my_app',","                        npm_package_version: '0.0.1'","                    })","                }","            );","        } else {","            local.assetsDict['/'] = local.assetsDict['/assets.index.template.html']","                .replace((/\\{\\{env\\.(\\w+?)\\}\\}/g), function (match0, match1) {","                    // jslint-hack","                    String(match0);","                    switch (match1) {","                    case 'npm_package_description':","                        return 'the greatest app in the world!';","                    case 'npm_package_name':","                        return 'my-app';","                    case 'npm_package_nameAlias':","                        return 'my_app';","                    case 'npm_package_version':","                        return '0.0.1';","                    }","                });","        }","        // run the cli","        if (local.global.utility2_rollup || module !== require.main) {","            break;","        }","        local.assetsDict['/assets.example.js'] =","            local.assetsDict['/assets.example.js'] ||","            local.fs.readFileSync(__filename, 'utf8');","        local.assetsDict['/assets.npmtest_react_intl.rollup.js'] =","            local.assetsDict['/assets.npmtest_react_intl.rollup.js'] ||","            local.fs.readFileSync(","                // buildCustomOrg-hack","                local.npmtest_react_intl.__dirname +","                    '/lib.npmtest_react_intl.js',","                'utf8'","            ).replace((/^#!/), '//');","        local.assetsDict['/favicon.ico'] = local.assetsDict['/favicon.ico'] || '';","        // if $npm_config_timeout_exit exists,","        // then exit this process after $npm_config_timeout_exit ms","        if (Number(process.env.npm_config_timeout_exit)) {","            setTimeout(process.exit, Number(process.env.npm_config_timeout_exit));","        }","        // start server","        if (local.global.utility2_serverHttp1) {","            break;","        }","        process.env.PORT = process.env.PORT || '8081';","        console.error('server starting on port ' + process.env.PORT);","        local.http.createServer(function (request, response) {","            request.urlParsed = local.url.parse(request.url);","            if (local.assetsDict[request.urlParsed.pathname] !== undefined) {","                response.end(local.assetsDict[request.urlParsed.pathname]);","                return;","            }","            response.statusCode = 404;","            response.end();","        }).listen(process.env.PORT);","        break;","    }","}());",""],"l":{"26":2,"28":2,"33":2,"35":2,"37":2,"38":2,"39":2,"44":1,"51":2,"55":2,"59":2,"61":2,"69":1,"70":2,"76":2,"79":2,"82":2,"83":2,"85":1,"89":2,"92":1,"93":1,"94":1,"96":1,"97":1,"100":1,"101":1,"103":1,"106":1,"108":2,"114":1,"116":1,"118":1,"123":1,"124":2,"125":2,"126":2,"127":2,"128":2,"129":2,"130":1,"133":2,"134":2,"139":2,"143":1,"144":3,"145":1,"149":1,"150":1,"158":1,"160":1,"161":1,"162":1,"164":1,"166":1,"258":1,"259":1,"271":1,"274":6,"275":6,"277":1,"279":2,"281":1,"283":2,"288":1,"289":1,"291":1,"294":1,"302":1,"305":1,"306":1,"309":1,"310":1,"312":1,"313":1,"314":1,"315":1,"316":1,"317":1,"318":1,"320":1,"321":1,"323":1}},"/home/travis/build/npmtest/node-npmtest-react-intl/react-intl/lib/index.js":{"path":"/home/travis/build/npmtest/node-npmtest-react-intl/react-intl/lib/index.js","s":{"1":1,"2":1,"3":6,"4":1,"5":1,"6":1,"7":1,"8":1,"9":1,"10":1,"11":1,"12":0,"13":0,"14":0,"15":0,"16":1,"17":2,"18":2,"19":2,"20":554,"21":554,"22":554,"23":1,"24":0,"25":0,"26":0,"27":0,"28":0,"29":0,"30":1,"31":0,"32":0,"33":1,"34":0,"35":0,"36":1,"37":0,"38":0,"39":1,"40":1,"41":8,"42":25,"43":25,"44":25,"45":25,"46":25,"47":25,"48":1,"49":8,"50":8,"51":8,"52":0,"53":8,"54":1,"55":0,"56":0,"57":0,"58":0,"59":1,"60":0,"61":0,"62":0,"63":0,"64":0,"65":0,"66":1,"67":8,"68":0,"69":8,"70":8,"71":8,"72":1,"73":0,"74":0,"75":0,"76":0,"77":0,"78":0,"79":0,"80":0,"81":1,"82":0,"83":0,"84":0,"85":1,"86":0,"87":0,"88":0,"89":0,"90":0,"91":1,"92":1,"93":1,"94":1,"95":1,"96":1,"97":1,"98":1,"99":1,"100":1,"101":1,"102":1,"103":1,"104":1,"105":1,"106":1,"107":1,"108":1,"109":1,"110":1,"111":1,"112":1,"113":1,"114":1,"115":0,"116":0,"117":1,"118":0,"119":0,"120":0,"121":0,"122":0,"123":0,"124":0,"125":1,"126":0,"127":0,"128":1,"129":0,"130":0,"131":0,"132":0,"133":0,"134":0,"135":0,"136":0,"137":0,"138":0,"139":0,"140":0,"141":0,"142":1,"143":0,"144":0,"145":0,"146":0,"147":0,"148":1,"149":0,"150":1,"151":0,"152":0,"153":0,"154":0,"155":1,"156":0,"157":0,"158":0,"159":0,"160":0,"161":0,"162":0,"163":0,"164":0,"165":0,"166":0,"167":0,"168":0,"169":1,"170":0,"171":1,"172":0,"173":1,"174":0,"175":1,"176":0,"177":0,"178":0,"179":0,"180":0,"181":0,"182":1,"183":1,"184":1,"185":1,"186":1,"187":1,"188":0,"189":0,"190":0,"191":0,"192":0,"193":0,"194":1,"195":0,"196":0,"197":0,"198":0,"199":0,"200":1,"201":0,"202":0,"203":0,"204":0,"205":0,"206":0,"207":0,"208":0,"209":0,"210":0,"211":0,"212":1,"213":0,"214":0,"215":0,"216":0,"217":0,"218":0,"219":0,"220":0,"221":0,"222":0,"223":0,"224":0,"225":0,"226":1,"227":0,"228":0,"229":0,"230":0,"231":0,"232":0,"233":0,"234":0,"235":0,"236":0,"237":0,"238":0,"239":0,"240":0,"241":0,"242":1,"243":0,"244":0,"245":0,"246":0,"247":0,"248":0,"249":0,"250":0,"251":0,"252":0,"253":1,"254":0,"255":0,"256":0,"257":0,"258":0,"259":0,"260":0,"261":0,"262":1,"263":0,"264":0,"265":0,"266":0,"267":0,"268":0,"269":0,"270":0,"271":0,"272":0,"273":0,"274":0,"275":0,"276":0,"277":0,"278":0,"279":0,"280":0,"281":0,"282":0,"283":0,"284":0,"285":0,"286":0,"287":0,"288":0,"289":0,"290":0,"291":0,"292":1,"293":0,"294":0,"295":0,"296":0,"297":0,"298":0,"299":1,"300":1,"301":1,"302":1,"303":1,"304":1,"305":1,"306":0,"307":0,"308":0,"309":0,"310":0,"311":0,"312":0,"313":0,"314":0,"315":0,"316":0,"317":0,"318":0,"319":1,"320":0,"321":0,"322":0,"323":0,"324":0,"325":0,"326":0,"327":0,"328":0,"329":0,"330":0,"331":0,"332":0,"333":0,"334":0,"335":0,"336":0,"337":0,"338":0,"339":0,"340":0,"341":0,"342":0,"343":1,"344":1,"345":1,"346":1,"347":1,"348":1,"349":1,"350":1,"351":0,"352":0,"353":0,"354":0,"355":1,"356":0,"357":0,"358":0,"359":0,"360":0,"361":0,"362":0,"363":0,"364":0,"365":1,"366":1,"367":1,"368":1,"369":1,"370":1,"371":1,"372":0,"373":0,"374":0,"375":0,"376":1,"377":0,"378":0,"379":0,"380":0,"381":0,"382":0,"383":0,"384":0,"385":0,"386":1,"387":1,"388":1,"389":1,"390":1,"391":1,"392":1,"393":1,"394":1,"395":1,"396":0,"397":0,"398":0,"399":0,"400":0,"401":0,"402":0,"403":0,"404":1,"405":0,"406":0,"407":0,"408":0,"409":0,"410":0,"411":1,"412":0,"413":0,"414":0,"415":0,"416":0,"417":1,"418":1,"419":1,"420":0,"421":0,"422":0,"423":0,"424":0,"425":0,"426":1,"427":0,"428":0,"429":0,"430":0,"431":0,"432":0,"433":0,"434":0,"435":0,"436":0,"437":0,"438":0,"439":0,"440":0,"441":0,"442":0,"443":0,"444":0,"445":0,"446":0,"447":0,"448":0,"449":0,"450":0,"451":0,"452":0,"453":0,"454":0,"455":1,"456":1,"457":1,"458":1,"459":1,"460":1,"461":1,"462":1,"463":0,"464":0,"465":0,"466":0,"467":1,"468":0,"469":0,"470":0,"471":0,"472":0,"473":0,"474":0,"475":0,"476":0,"477":1,"478":1,"479":1,"480":1,"481":1,"482":1,"483":1,"484":0,"485":0,"486":0,"487":0,"488":1,"489":0,"490":0,"491":0,"492":0,"493":0,"494":0,"495":0,"496":0,"497":0,"498":0,"499":1,"500":1,"501":1,"502":1,"503":1,"504":1,"505":1,"506":1,"507":0,"508":0,"509":0,"510":0,"511":1,"512":0,"513":0,"514":0,"515":0,"516":0,"517":0,"518":0,"519":0,"520":0,"521":0,"522":0,"523":0,"524":0,"525":0,"526":0,"527":0,"528":0,"529":0,"530":0,"531":0,"532":0,"533":0,"534":0,"535":0,"536":0,"537":0,"538":0,"539":0,"540":0,"541":0,"542":0,"543":0,"544":0,"545":0,"546":0,"547":0,"548":0,"549":0,"550":0,"551":0,"552":0,"553":0,"554":0,"555":1,"556":1,"557":1,"558":1,"559":1,"560":1,"561":1,"562":1,"563":0,"564":0,"565":0,"566":0,"567":1,"568":0,"569":0,"570":0,"571":0,"572":0,"573":0,"574":0,"575":0,"576":0,"577":0,"578":0,"579":0,"580":0,"581":0,"582":0,"583":0,"584":1,"585":1,"586":1,"587":1,"588":1,"589":1,"590":1,"591":1,"592":1,"593":1,"594":1,"595":1,"596":1,"597":1,"598":1,"599":1,"600":1,"601":1,"602":1},"b":{"1":[0,6],"2":[6,6,2],"3":[0,0],"4":[0,0],"5":[0,0],"6":[0,0],"7":[0,0],"8":[0,0],"9":[0,0],"10":[0,0],"11":[0,0],"12":[0,0],"13":[0,0],"14":[2,0],"15":[2,2],"16":[1,1],"17":[554,0],"18":[554,554],"19":[0,0],"20":[0,0],"21":[0,0],"22":[0,0],"23":[1,0],"24":[1,1],"25":[0,0],"26":[0,0,0,0],"27":[0,0],"28":[25,25],"29":[25,0],"30":[8,0],"31":[0,8],"32":[0,0],"33":[1,0],"34":[0,0],"35":[0,8],"36":[8,0],"37":[8,8],"38":[8,0],"39":[8,0],"40":[0,0],"41":[0,0],"42":[0,0],"43":[0,0],"44":[0,0,0],"45":[0,0],"46":[0,0],"47":[0,0],"48":[0,0],"49":[0,0],"50":[0,0],"51":[0,0],"52":[0,0],"53":[0,0],"54":[0,0,0,0],"55":[0,0],"56":[0,0],"57":[0,0],"58":[0,0],"59":[0,0],"60":[0,0],"61":[0,0],"62":[0,0],"63":[0,0],"64":[0,0],"65":[0,0,0],"66":[0,0],"67":[0,0,0],"68":[0,0],"69":[0,0],"70":[0,0],"71":[0,0],"72":[0,0],"73":[0,0],"74":[0,0],"75":[0,0],"76":[0,0,0],"77":[0,0],"78":[0,0],"79":[0,0],"80":[0,0],"81":[0,0],"82":[0,0],"83":[0,0],"84":[0,0],"85":[0,0],"86":[0,0],"87":[0,0,0],"88":[0,0],"89":[0,0],"90":[0,0],"91":[0,0],"92":[0,0],"93":[0,0],"94":[0,0],"95":[0,0],"96":[0,0],"97":[0,0],"98":[0,0],"99":[0,0],"100":[0,0],"101":[0,0],"102":[0,0],"103":[0,0],"104":[0,0],"105":[0,0],"106":[0,0],"107":[0,0],"108":[0,0,0],"109":[0,0],"110":[0,0],"111":[0,0],"112":[0,0],"113":[0,0],"114":[0,0,0],"115":[0,0],"116":[0,0],"117":[0,0],"118":[0,0],"119":[0,0],"120":[0,0],"121":[0,0],"122":[0,0],"123":[0,0,0,0],"124":[0,0],"125":[0,0],"126":[0,0],"127":[0,0],"128":[0,0],"129":[0,0],"130":[0,0],"131":[0,0],"132":[0,0],"133":[0,0],"134":[0,0],"135":[0,0],"136":[0,0],"137":[0,0],"138":[1,0],"139":[0,0],"140":[0,0],"141":[1,0],"142":[0,0],"143":[0,0],"144":[1,0],"145":[0,0],"146":[0,0],"147":[0,0],"148":[0,0,0,0,0],"149":[0,0],"150":[0,0,0],"151":[0,0],"152":[0,0],"153":[0,0],"154":[0,0],"155":[0,0],"156":[0,0],"157":[0,0],"158":[1,0],"159":[0,0],"160":[0,0],"161":[1,0],"162":[0,0],"163":[0,0],"164":[0,0],"165":[1,0],"166":[0,0],"167":[0,0],"168":[0,0],"169":[0,0],"170":[0,0],"171":[0,0],"172":[0,0],"173":[0,0],"174":[0,0],"175":[0,0],"176":[0,0],"177":[1,0],"178":[0,0],"179":[0,0],"180":[0,0],"181":[0,0],"182":[1,0]},"f":{"1":6,"2":0,"3":2,"4":554,"5":0,"6":0,"7":0,"8":0,"9":0,"10":1,"11":8,"12":8,"13":0,"14":0,"15":8,"16":0,"17":0,"18":0,"19":0,"20":0,"21":0,"22":0,"23":0,"24":0,"25":0,"26":0,"27":0,"28":0,"29":0,"30":0,"31":0,"32":0,"33":0,"34":0,"35":0,"36":0,"37":0,"38":0,"39":0,"40":0,"41":0,"42":0,"43":0,"44":0,"45":0,"46":0,"47":1,"48":0,"49":0,"50":0,"51":0,"52":0,"53":0,"54":0,"55":0,"56":0,"57":1,"58":0,"59":0,"60":0,"61":1,"62":0,"63":0,"64":0,"65":0,"66":0,"67":0,"68":1,"69":0,"70":0,"71":0,"72":0,"73":0,"74":0,"75":0,"76":0,"77":0,"78":1,"79":0,"80":0,"81":0,"82":1,"83":0,"84":0,"85":0,"86":1,"87":0,"88":0,"89":0,"90":0,"91":0,"92":0,"93":0,"94":0,"95":0,"96":1,"97":0,"98":0,"99":0},"fnMap":{"1":{"name":"_interopDefault","line":11,"loc":{"start":{"line":11,"column":0},"end":{"line":11,"column":30}}},"2":{"name":"pluralRuleFunction","line":22,"loc":{"start":{"line":22,"column":64},"end":{"line":22,"column":100}}},"3":{"name":"addLocaleData","line":36,"loc":{"start":{"line":36,"column":0},"end":{"line":36,"column":25}}},"4":{"name":"(anonymous_4)","line":41,"loc":{"start":{"line":41,"column":20},"end":{"line":41,"column":42}}},"5":{"name":"hasLocaleData","line":49,"loc":{"start":{"line":49,"column":0},"end":{"line":49,"column":31}}},"6":{"name":"hasIMFAndIRFLocaleData","line":63,"loc":{"start":{"line":63,"column":0},"end":{"line":63,"column":40}}},"7":{"name":"(anonymous_7)","line":69,"loc":{"start":{"line":69,"column":84},"end":{"line":69,"column":99}}},"8":{"name":"(anonymous_8)","line":71,"loc":{"start":{"line":71,"column":4},"end":{"line":71,"column":19}}},"9":{"name":"(anonymous_9)","line":85,"loc":{"start":{"line":85,"column":21},"end":{"line":85,"column":54}}},"10":{"name":"(anonymous_10)","line":91,"loc":{"start":{"line":91,"column":18},"end":{"line":91,"column":30}}},"11":{"name":"defineProperties","line":92,"loc":{"start":{"line":92,"column":2},"end":{"line":92,"column":43}}},"12":{"name":"(anonymous_12)","line":102,"loc":{"start":{"line":102,"column":9},"end":{"line":102,"column":57}}},"13":{"name":"(anonymous_13)","line":113,"loc":{"start":{"line":113,"column":21},"end":{"line":113,"column":48}}},"14":{"name":"(anonymous_14)","line":128,"loc":{"start":{"line":128,"column":32},"end":{"line":128,"column":50}}},"15":{"name":"(anonymous_15)","line":144,"loc":{"start":{"line":144,"column":15},"end":{"line":144,"column":47}}},"16":{"name":"(anonymous_16)","line":168,"loc":{"start":{"line":168,"column":30},"end":{"line":168,"column":51}}},"17":{"name":"(anonymous_17)","line":180,"loc":{"start":{"line":180,"column":32},"end":{"line":180,"column":54}}},"18":{"name":"(anonymous_18)","line":206,"loc":{"start":{"line":206,"column":24},"end":{"line":206,"column":39}}},"19":{"name":"escape","line":332,"loc":{"start":{"line":332,"column":0},"end":{"line":332,"column":21}}},"20":{"name":"(anonymous_20)","line":333,"loc":{"start":{"line":333,"column":50},"end":{"line":333,"column":67}}},"21":{"name":"filterProps","line":338,"loc":{"start":{"line":338,"column":0},"end":{"line":338,"column":39}}},"22":{"name":"(anonymous_22)","line":341,"loc":{"start":{"line":341,"column":28},"end":{"line":341,"column":54}}},"23":{"name":"invariantIntlContext","line":352,"loc":{"start":{"line":352,"column":0},"end":{"line":352,"column":32}}},"24":{"name":"shallowEquals","line":359,"loc":{"start":{"line":359,"column":0},"end":{"line":359,"column":35}}},"25":{"name":"shouldIntlComponentUpdate","line":386,"loc":{"start":{"line":386,"column":0},"end":{"line":386,"column":64}}},"26":{"name":"getDisplayName","line":410,"loc":{"start":{"line":410,"column":0},"end":{"line":410,"column":38}}},"27":{"name":"injectIntl","line":414,"loc":{"start":{"line":414,"column":0},"end":{"line":414,"column":38}}},"28":{"name":"(anonymous_28)","line":421,"loc":{"start":{"line":421,"column":21},"end":{"line":421,"column":43}}},"29":{"name":"InjectIntl","line":424,"loc":{"start":{"line":424,"column":8},"end":{"line":424,"column":44}}},"30":{"name":"getWrappedInstance","line":435,"loc":{"start":{"line":435,"column":19},"end":{"line":435,"column":49}}},"31":{"name":"render","line":442,"loc":{"start":{"line":442,"column":19},"end":{"line":442,"column":37}}},"32":{"name":"defineMessages","line":467,"loc":{"start":{"line":467,"column":0},"end":{"line":467,"column":44}}},"33":{"name":"resolveLocale","line":481,"loc":{"start":{"line":481,"column":0},"end":{"line":481,"column":32}}},"34":{"name":"findPluralFunction","line":486,"loc":{"start":{"line":486,"column":0},"end":{"line":486,"column":36}}},"35":{"name":"IntlPluralFormat","line":491,"loc":{"start":{"line":491,"column":23},"end":{"line":491,"column":58}}},"36":{"name":"(anonymous_36)","line":498,"loc":{"start":{"line":498,"column":18},"end":{"line":498,"column":35}}},"37":{"name":"updateRelativeFormatThresholds","line":521,"loc":{"start":{"line":521,"column":0},"end":{"line":521,"column":55}}},"38":{"name":"getNamedFormat","line":530,"loc":{"start":{"line":530,"column":0},"end":{"line":530,"column":45}}},"39":{"name":"formatDate","line":541,"loc":{"start":{"line":541,"column":0},"end":{"line":541,"column":42}}},"40":{"name":"formatTime","line":563,"loc":{"start":{"line":563,"column":0},"end":{"line":563,"column":42}}},"41":{"name":"formatRelative","line":590,"loc":{"start":{"line":590,"column":0},"end":{"line":590,"column":46}}},"42":{"name":"formatNumber","line":622,"loc":{"start":{"line":622,"column":0},"end":{"line":622,"column":44}}},"43":{"name":"formatPlural","line":643,"loc":{"start":{"line":643,"column":0},"end":{"line":643,"column":44}}},"44":{"name":"formatMessage","line":661,"loc":{"start":{"line":661,"column":0},"end":{"line":661,"column":38}}},"45":{"name":"formatHTMLMessage","line":730,"loc":{"start":{"line":730,"column":0},"end":{"line":730,"column":61}}},"46":{"name":"(anonymous_46)","line":736,"loc":{"start":{"line":736,"column":54},"end":{"line":736,"column":79}}},"47":{"name":"(anonymous_47)","line":777,"loc":{"start":{"line":777,"column":19},"end":{"line":777,"column":41}}},"48":{"name":"IntlProvider","line":780,"loc":{"start":{"line":780,"column":4},"end":{"line":780,"column":33}}},"49":{"name":"now","line":821,"loc":{"start":{"line":821,"column":17},"end":{"line":821,"column":32}}},"50":{"name":"getConfig","line":830,"loc":{"start":{"line":830,"column":15},"end":{"line":830,"column":36}}},"51":{"name":"getBoundFormatFns","line":874,"loc":{"start":{"line":874,"column":15},"end":{"line":874,"column":57}}},"52":{"name":"(anonymous_52)","line":875,"loc":{"start":{"line":875,"column":46},"end":{"line":875,"column":78}}},"53":{"name":"getChildContext","line":882,"loc":{"start":{"line":882,"column":15},"end":{"line":882,"column":42}}},"54":{"name":"shouldComponentUpdate","line":902,"loc":{"start":{"line":902,"column":15},"end":{"line":902,"column":48}}},"55":{"name":"componentDidMount","line":911,"loc":{"start":{"line":911,"column":15},"end":{"line":911,"column":44}}},"56":{"name":"render","line":916,"loc":{"start":{"line":916,"column":15},"end":{"line":916,"column":33}}},"57":{"name":"(anonymous_57)","line":941,"loc":{"start":{"line":941,"column":20},"end":{"line":941,"column":42}}},"58":{"name":"FormattedDate","line":944,"loc":{"start":{"line":944,"column":4},"end":{"line":944,"column":43}}},"59":{"name":"shouldComponentUpdate","line":955,"loc":{"start":{"line":955,"column":15},"end":{"line":955,"column":48}}},"60":{"name":"render","line":964,"loc":{"start":{"line":964,"column":15},"end":{"line":964,"column":33}}},"61":{"name":"(anonymous_61)","line":1005,"loc":{"start":{"line":1005,"column":20},"end":{"line":1005,"column":42}}},"62":{"name":"FormattedTime","line":1008,"loc":{"start":{"line":1008,"column":4},"end":{"line":1008,"column":43}}},"63":{"name":"shouldComponentUpdate","line":1019,"loc":{"start":{"line":1019,"column":15},"end":{"line":1019,"column":48}}},"64":{"name":"render","line":1028,"loc":{"start":{"line":1028,"column":15},"end":{"line":1028,"column":33}}},"65":{"name":"selectUnits","line":1078,"loc":{"start":{"line":1078,"column":0},"end":{"line":1078,"column":28}}},"66":{"name":"getUnitDelay","line":1098,"loc":{"start":{"line":1098,"column":0},"end":{"line":1098,"column":29}}},"67":{"name":"isSameDate","line":1113,"loc":{"start":{"line":1113,"column":0},"end":{"line":1113,"column":26}}},"68":{"name":"(anonymous_68)","line":1124,"loc":{"start":{"line":1124,"column":24},"end":{"line":1124,"column":46}}},"69":{"name":"FormattedRelative","line":1127,"loc":{"start":{"line":1127,"column":4},"end":{"line":1127,"column":47}}},"70":{"name":"scheduleNextUpdate","line":1144,"loc":{"start":{"line":1144,"column":15},"end":{"line":1144,"column":57}}},"71":{"name":"(anonymous_71)","line":1171,"loc":{"start":{"line":1171,"column":37},"end":{"line":1171,"column":49}}},"72":{"name":"componentDidMount","line":1177,"loc":{"start":{"line":1177,"column":15},"end":{"line":1177,"column":44}}},"73":{"name":"componentWillReceiveProps","line":1182,"loc":{"start":{"line":1182,"column":15},"end":{"line":1182,"column":56}}},"74":{"name":"shouldComponentUpdate","line":1193,"loc":{"start":{"line":1193,"column":15},"end":{"line":1193,"column":48}}},"75":{"name":"componentWillUpdate","line":1202,"loc":{"start":{"line":1202,"column":15},"end":{"line":1202,"column":66}}},"76":{"name":"componentWillUnmount","line":1207,"loc":{"start":{"line":1207,"column":15},"end":{"line":1207,"column":47}}},"77":{"name":"render","line":1212,"loc":{"start":{"line":1212,"column":15},"end":{"line":1212,"column":33}}},"78":{"name":"(anonymous_78)","line":1258,"loc":{"start":{"line":1258,"column":22},"end":{"line":1258,"column":44}}},"79":{"name":"FormattedNumber","line":1261,"loc":{"start":{"line":1261,"column":4},"end":{"line":1261,"column":45}}},"80":{"name":"shouldComponentUpdate","line":1272,"loc":{"start":{"line":1272,"column":15},"end":{"line":1272,"column":48}}},"81":{"name":"render","line":1281,"loc":{"start":{"line":1281,"column":15},"end":{"line":1281,"column":33}}},"82":{"name":"(anonymous_82)","line":1322,"loc":{"start":{"line":1322,"column":22},"end":{"line":1322,"column":44}}},"83":{"name":"FormattedPlural","line":1325,"loc":{"start":{"line":1325,"column":4},"end":{"line":1325,"column":45}}},"84":{"name":"shouldComponentUpdate","line":1336,"loc":{"start":{"line":1336,"column":15},"end":{"line":1336,"column":48}}},"85":{"name":"render","line":1345,"loc":{"start":{"line":1345,"column":15},"end":{"line":1345,"column":33}}},"86":{"name":"(anonymous_86)","line":1398,"loc":{"start":{"line":1398,"column":23},"end":{"line":1398,"column":45}}},"87":{"name":"FormattedMessage","line":1401,"loc":{"start":{"line":1401,"column":4},"end":{"line":1401,"column":46}}},"88":{"name":"shouldComponentUpdate","line":1412,"loc":{"start":{"line":1412,"column":15},"end":{"line":1412,"column":57}}},"89":{"name":"render","line":1436,"loc":{"start":{"line":1436,"column":15},"end":{"line":1436,"column":33}}},"90":{"name":"(anonymous_90)","line":1456,"loc":{"start":{"line":1456,"column":17},"end":{"line":1456,"column":29}}},"91":{"name":"(anonymous_91)","line":1461,"loc":{"start":{"line":1461,"column":40},"end":{"line":1461,"column":52}}},"92":{"name":"(anonymous_92)","line":1463,"loc":{"start":{"line":1463,"column":31},"end":{"line":1463,"column":43}}},"93":{"name":"(anonymous_93)","line":1480,"loc":{"start":{"line":1480,"column":48},"end":{"line":1480,"column":64}}},"94":{"name":"(anonymous_94)","line":1505,"loc":{"start":{"line":1505,"column":70},"end":{"line":1505,"column":86}}},"95":{"name":"(anonymous_95)","line":1507,"loc":{"start":{"line":1507,"column":23},"end":{"line":1507,"column":39}}},"96":{"name":"(anonymous_96)","line":1545,"loc":{"start":{"line":1545,"column":27},"end":{"line":1545,"column":49}}},"97":{"name":"FormattedHTMLMessage","line":1548,"loc":{"start":{"line":1548,"column":4},"end":{"line":1548,"column":50}}},"98":{"name":"shouldComponentUpdate","line":1559,"loc":{"start":{"line":1559,"column":15},"end":{"line":1559,"column":57}}},"99":{"name":"render","line":1583,"loc":{"start":{"line":1583,"column":15},"end":{"line":1583,"column":33}}}},"statementMap":{"1":{"start":{"line":9,"column":0},"end":{"line":9,"column":62}},"2":{"start":{"line":11,"column":0},"end":{"line":11,"column":114}},"3":{"start":{"line":11,"column":32},"end":{"line":11,"column":112}},"4":{"start":{"line":13,"column":0},"end":{"line":13,"column":72}},"5":{"start":{"line":14,"column":0},"end":{"line":14,"column":71}},"6":{"start":{"line":15,"column":0},"end":{"line":15,"column":73}},"7":{"start":{"line":16,"column":0},"end":{"line":16,"column":29}},"8":{"start":{"line":17,"column":0},"end":{"line":17,"column":44}},"9":{"start":{"line":18,"column":0},"end":{"line":18,"column":54}},"10":{"start":{"line":19,"column":0},"end":{"line":19,"column":75}},"11":{"start":{"line":22,"column":0},"end":{"line":28,"column":1345}},"12":{"start":{"line":23,"column":4},"end":{"line":27,"column":36}},"13":{"start":{"line":27,"column":36},"end":{"line":27,"column":159}},"14":{"start":{"line":27,"column":45},"end":{"line":27,"column":159}},"15":{"start":{"line":27,"column":159},"end":{"line":27,"column":197}},"16":{"start":{"line":36,"column":0},"end":{"line":47,"column":1}},"17":{"start":{"line":37,"column":4},"end":{"line":37,"column":86}},"18":{"start":{"line":39,"column":4},"end":{"line":39,"column":54}},"19":{"start":{"line":41,"column":4},"end":{"line":46,"column":7}},"20":{"start":{"line":42,"column":8},"end":{"line":45,"column":9}},"21":{"start":{"line":43,"column":12},"end":{"line":43,"column":58}},"22":{"start":{"line":44,"column":12},"end":{"line":44,"column":59}},"23":{"start":{"line":49,"column":0},"end":{"line":61,"column":1}},"24":{"start":{"line":50,"column":4},"end":{"line":50,"column":48}},"25":{"start":{"line":52,"column":4},"end":{"line":58,"column":5}},"26":{"start":{"line":53,"column":8},"end":{"line":55,"column":9}},"27":{"start":{"line":54,"column":12},"end":{"line":54,"column":24}},"28":{"start":{"line":57,"column":8},"end":{"line":57,"column":26}},"29":{"start":{"line":60,"column":4},"end":{"line":60,"column":17}},"30":{"start":{"line":63,"column":0},"end":{"line":67,"column":1}},"31":{"start":{"line":64,"column":4},"end":{"line":64,"column":58}},"32":{"start":{"line":66,"column":4},"end":{"line":66,"column":121}},"33":{"start":{"line":69,"column":0},"end":{"line":73,"column":2}},"34":{"start":{"line":70,"column":2},"end":{"line":70,"column":20}},"35":{"start":{"line":72,"column":2},"end":{"line":72,"column":127}},"36":{"start":{"line":85,"column":0},"end":{"line":89,"column":2}},"37":{"start":{"line":86,"column":2},"end":{"line":88,"column":3}},"38":{"start":{"line":87,"column":4},"end":{"line":87,"column":61}},"39":{"start":{"line":91,"column":0},"end":{"line":107,"column":4}},"40":{"start":{"line":92,"column":2},"end":{"line":100,"column":3}},"41":{"start":{"line":93,"column":4},"end":{"line":99,"column":5}},"42":{"start":{"line":94,"column":6},"end":{"line":94,"column":32}},"43":{"start":{"line":95,"column":6},"end":{"line":95,"column":61}},"44":{"start":{"line":96,"column":6},"end":{"line":96,"column":37}},"45":{"start":{"line":97,"column":6},"end":{"line":97,"column":60}},"46":{"start":{"line":97,"column":33},"end":{"line":97,"column":60}},"47":{"start":{"line":98,"column":6},"end":{"line":98,"column":64}},"48":{"start":{"line":102,"column":2},"end":{"line":106,"column":4}},"49":{"start":{"line":103,"column":4},"end":{"line":103,"column":72}},"50":{"start":{"line":103,"column":20},"end":{"line":103,"column":72}},"51":{"start":{"line":104,"column":4},"end":{"line":104,"column":64}},"52":{"start":{"line":104,"column":21},"end":{"line":104,"column":64}},"53":{"start":{"line":105,"column":4},"end":{"line":105,"column":23}},"54":{"start":{"line":113,"column":0},"end":{"line":126,"column":2}},"55":{"start":{"line":114,"column":2},"end":{"line":123,"column":3}},"56":{"start":{"line":115,"column":4},"end":{"line":120,"column":7}},"57":{"start":{"line":122,"column":4},"end":{"line":122,"column":21}},"58":{"start":{"line":125,"column":2},"end":{"line":125,"column":13}},"59":{"start":{"line":128,"column":0},"end":{"line":140,"column":2}},"60":{"start":{"line":129,"column":2},"end":{"line":137,"column":3}},"61":{"start":{"line":130,"column":4},"end":{"line":130,"column":30}},"62":{"start":{"line":132,"column":4},"end":{"line":136,"column":5}},"63":{"start":{"line":133,"column":6},"end":{"line":135,"column":7}},"64":{"start":{"line":134,"column":8},"end":{"line":134,"column":34}},"65":{"start":{"line":139,"column":2},"end":{"line":139,"column":16}},"66":{"start":{"line":144,"column":0},"end":{"line":158,"column":2}},"67":{"start":{"line":145,"column":2},"end":{"line":147,"column":3}},"68":{"start":{"line":146,"column":4},"end":{"line":146,"column":104}},"69":{"start":{"line":149,"column":2},"end":{"line":156,"column":5}},"70":{"start":{"line":157,"column":2},"end":{"line":157,"column":120}},"71":{"start":{"line":157,"column":18},"end":{"line":157,"column":120}},"72":{"start":{"line":168,"column":0},"end":{"line":178,"column":2}},"73":{"start":{"line":169,"column":2},"end":{"line":169,"column":18}},"74":{"start":{"line":171,"column":2},"end":{"line":175,"column":3}},"75":{"start":{"line":172,"column":4},"end":{"line":172,"column":39}},"76":{"start":{"line":172,"column":30},"end":{"line":172,"column":39}},"77":{"start":{"line":173,"column":4},"end":{"line":173,"column":64}},"78":{"start":{"line":173,"column":55},"end":{"line":173,"column":64}},"79":{"start":{"line":174,"column":4},"end":{"line":174,"column":23}},"80":{"start":{"line":177,"column":2},"end":{"line":177,"column":16}},"81":{"start":{"line":180,"column":0},"end":{"line":186,"column":2}},"82":{"start":{"line":181,"column":2},"end":{"line":183,"column":3}},"83":{"start":{"line":182,"column":4},"end":{"line":182,"column":90}},"84":{"start":{"line":185,"column":2},"end":{"line":185,"column":88}},"85":{"start":{"line":206,"column":0},"end":{"line":214,"column":2}},"86":{"start":{"line":207,"column":2},"end":{"line":213,"column":3}},"87":{"start":{"line":208,"column":4},"end":{"line":208,"column":84}},"88":{"start":{"line":208,"column":67},"end":{"line":208,"column":84}},"89":{"start":{"line":210,"column":4},"end":{"line":210,"column":16}},"90":{"start":{"line":212,"column":4},"end":{"line":212,"column":27}},"91":{"start":{"line":222,"column":0},"end":{"line":222,"column":32}},"92":{"start":{"line":223,"column":0},"end":{"line":223,"column":36}},"93":{"start":{"line":224,"column":0},"end":{"line":224,"column":36}},"94":{"start":{"line":225,"column":0},"end":{"line":225,"column":32}},"95":{"start":{"line":226,"column":0},"end":{"line":226,"column":36}},"96":{"start":{"line":227,"column":0},"end":{"line":227,"column":34}},"97":{"start":{"line":228,"column":0},"end":{"line":228,"column":34}},"98":{"start":{"line":229,"column":0},"end":{"line":229,"column":30}},"99":{"start":{"line":231,"column":0},"end":{"line":231,"column":50}},"100":{"start":{"line":232,"column":0},"end":{"line":232,"column":57}},"101":{"start":{"line":233,"column":0},"end":{"line":233,"column":50}},"102":{"start":{"line":234,"column":0},"end":{"line":234,"column":30}},"103":{"start":{"line":236,"column":0},"end":{"line":244,"column":2}},"104":{"start":{"line":246,"column":0},"end":{"line":254,"column":2}},"105":{"start":{"line":256,"column":0},"end":{"line":259,"column":4}},"106":{"start":{"line":261,"column":0},"end":{"line":265,"column":2}},"107":{"start":{"line":267,"column":0},"end":{"line":283,"column":2}},"108":{"start":{"line":285,"column":0},"end":{"line":298,"column":2}},"109":{"start":{"line":300,"column":0},"end":{"line":303,"column":2}},"110":{"start":{"line":305,"column":0},"end":{"line":307,"column":2}},"111":{"start":{"line":320,"column":0},"end":{"line":320,"column":59}},"112":{"start":{"line":322,"column":0},"end":{"line":328,"column":2}},"113":{"start":{"line":330,"column":0},"end":{"line":330,"column":36}},"114":{"start":{"line":332,"column":0},"end":{"line":336,"column":1}},"115":{"start":{"line":333,"column":4},"end":{"line":335,"column":7}},"116":{"start":{"line":334,"column":8},"end":{"line":334,"column":36}},"117":{"start":{"line":338,"column":0},"end":{"line":350,"column":1}},"118":{"start":{"line":339,"column":4},"end":{"line":339,"column":93}},"119":{"start":{"line":341,"column":4},"end":{"line":349,"column":11}},"120":{"start":{"line":342,"column":8},"end":{"line":346,"column":9}},"121":{"start":{"line":343,"column":12},"end":{"line":343,"column":41}},"122":{"start":{"line":344,"column":15},"end":{"line":346,"column":9}},"123":{"start":{"line":345,"column":12},"end":{"line":345,"column":47}},"124":{"start":{"line":348,"column":8},"end":{"line":348,"column":24}},"125":{"start":{"line":352,"column":0},"end":{"line":357,"column":1}},"126":{"start":{"line":353,"column":4},"end":{"line":354,"column":25}},"127":{"start":{"line":356,"column":4},"end":{"line":356,"column":137}},"128":{"start":{"line":359,"column":0},"end":{"line":384,"column":1}},"129":{"start":{"line":360,"column":4},"end":{"line":362,"column":5}},"130":{"start":{"line":361,"column":8},"end":{"line":361,"column":20}},"131":{"start":{"line":364,"column":4},"end":{"line":366,"column":5}},"132":{"start":{"line":365,"column":8},"end":{"line":365,"column":21}},"133":{"start":{"line":368,"column":4},"end":{"line":368,"column":34}},"134":{"start":{"line":369,"column":4},"end":{"line":369,"column":34}},"135":{"start":{"line":371,"column":4},"end":{"line":373,"column":5}},"136":{"start":{"line":372,"column":8},"end":{"line":372,"column":21}},"137":{"start":{"line":376,"column":4},"end":{"line":376,"column":69}},"138":{"start":{"line":377,"column":4},"end":{"line":381,"column":5}},"139":{"start":{"line":378,"column":8},"end":{"line":380,"column":9}},"140":{"start":{"line":379,"column":12},"end":{"line":379,"column":25}},"141":{"start":{"line":383,"column":4},"end":{"line":383,"column":16}},"142":{"start":{"line":386,"column":0},"end":{"line":399,"column":1}},"143":{"start":{"line":387,"column":4},"end":{"line":390,"column":67}},"144":{"start":{"line":391,"column":4},"end":{"line":391,"column":93}},"145":{"start":{"line":392,"column":4},"end":{"line":393,"column":64}},"146":{"start":{"line":394,"column":4},"end":{"line":395,"column":76}},"147":{"start":{"line":398,"column":4},"end":{"line":398,"column":205}},"148":{"start":{"line":410,"column":0},"end":{"line":412,"column":1}},"149":{"start":{"line":411,"column":4},"end":{"line":411,"column":72}},"150":{"start":{"line":414,"column":0},"end":{"line":459,"column":1}},"151":{"start":{"line":415,"column":4},"end":{"line":415,"column":89}},"152":{"start":{"line":416,"column":4},"end":{"line":419,"column":76}},"153":{"start":{"line":421,"column":4},"end":{"line":449,"column":23}},"154":{"start":{"line":422,"column":8},"end":{"line":422,"column":41}},"155":{"start":{"line":424,"column":8},"end":{"line":431,"column":9}},"156":{"start":{"line":425,"column":12},"end":{"line":425,"column":45}},"157":{"start":{"line":427,"column":12},"end":{"line":427,"column":144}},"158":{"start":{"line":429,"column":12},"end":{"line":429,"column":42}},"159":{"start":{"line":430,"column":12},"end":{"line":430,"column":25}},"160":{"start":{"line":433,"column":8},"end":{"line":447,"column":12}},"161":{"start":{"line":436,"column":16},"end":{"line":436,"column":163}},"162":{"start":{"line":438,"column":16},"end":{"line":438,"column":49}},"163":{"start":{"line":443,"column":16},"end":{"line":445,"column":20}},"164":{"start":{"line":448,"column":8},"end":{"line":448,"column":26}},"165":{"start":{"line":451,"column":4},"end":{"line":451,"column":84}},"166":{"start":{"line":452,"column":4},"end":{"line":454,"column":6}},"167":{"start":{"line":455,"column":4},"end":{"line":455,"column":51}},"168":{"start":{"line":458,"column":4},"end":{"line":458,"column":22}},"169"
[...]
h\"},relativeTime:{future:{other:\"+{0} m\"},past:{other:\"-{0} m\"}}},day:{displayName:\"tele\",relative:{0:\"wɛlɛ\",1:\"sina\",\"-1\":\"kunu\"},relativeTime:{future:{other:\"+{0} d\"},past:{other:\"-{0} d\"}}},hour:{displayName:\"hawa\",relativeTime:{future:{other:\"+{0} h\"},past:{other:\"-{0} h\"}}},minute:{displayName:\"mini\",relativeTime:{future:{other:\"+{0} min\"},past:{other:\"-{0} min\"}}},second:{displayName:\"jaki-jaka\",relative:{0:\"now\"},relativeTime:{future:{other:\"+{0} s\"},past:{other:\"-{0} s\"}}}}},{locale:\"vai-Vaii\",parentLocale:\"vai\"},{locale:\"ve\",pluralRuleFunction:function(e,t){return t?\"other\":1==e?\"one\":\"other\"},fields:{year:{displayName:\"Year\",relative:{0:\"this year\",1:\"next year\",\"-1\":\"last year\"},relativeTime:{future:{other:\"+{0} y\"},past:{other:\"-{0} y\"}}},month:{displayName:\"Month\",relative:{0:\"this month\",1:\"next month\",\"-1\":\"last month\"},relativeTime:{future:{other:\"+{0} m\"},past:{other:\"-{0} m\"}}},day:{displayName:\"Day\",relative:{0:\"today\",1:\"tomorrow\",\"-1\":\"yesterday\"},relativeTime:{future:{other:\"+{0} d\"},past:{other:\"-{0} d\"}}},hour:{displayName:\"Hour\",relativeTime:{future:{other:\"+{0} h\"},past:{other:\"-{0} h\"}}},minute:{displayName:\"Minute\",relativeTime:{future:{other:\"+{0} min\"},past:{other:\"-{0} min\"}}},second:{displayName:\"Second\",relative:{0:\"now\"},relativeTime:{future:{other:\"+{0} s\"},past:{other:\"-{0} s\"}}}}},{locale:\"vi\",pluralRuleFunction:function(e,t){return t&&1==e?\"one\":\"other\"},fields:{year:{displayName:\"Năm\",relative:{0:\"năm nay\",1:\"năm sau\",\"-1\":\"năm ngoái\"},relativeTime:{future:{other:\"sau {0} năm nữa\"},past:{other:\"{0} năm trước\"}}},month:{displayName:\"Tháng\",relative:{0:\"tháng này\",1:\"tháng sau\",\"-1\":\"tháng trước\"},relativeTime:{future:{other:\"sau {0} tháng nữa\"},past:{other:\"{0} tháng trước\"}}},day:{displayName:\"Ngày\",relative:{0:\"Hôm nay\",1:\"Ngày mai\",2:\"Ngày kia\",\"-2\":\"Hôm kia\",\"-1\":\"Hôm qua\"},relativeTime:{future:{other:\"sau {0} ngày nữa\"},past:{other:\"{0} ngày trước\"}}},hour:{displayName:\"Giờ\",relativeTime:{future:{other:\"sau {0} giờ nữa\"},past:{other:\"{0} giờ trước\"}}},minute:{displayName:\"Phút\",relativeTime:{future:{other:\"sau {0} phút nữa\"},past:{other:\"{0} phút trước\"}}},second:{displayName:\"Giây\",relative:{0:\"bây giờ\"},relativeTime:{future:{other:\"sau {0} giây nữa\"},past:{other:\"{0} giây trước\"}}}}},{locale:\"vo\",pluralRuleFunction:function(e,t){return t?\"other\":1==e?\"one\":\"other\"},fields:{year:{displayName:\"Year\",relative:{0:\"this year\",1:\"next year\",\"-1\":\"last year\"},relativeTime:{future:{other:\"+{0} y\"},past:{other:\"-{0} y\"}}},month:{displayName:\"Month\",relative:{0:\"this month\",1:\"next month\",\"-1\":\"last month\"},relativeTime:{future:{other:\"+{0} m\"},past:{other:\"-{0} m\"}}},day:{displayName:\"Day\",relative:{0:\"today\",1:\"tomorrow\",\"-1\":\"yesterday\"},relativeTime:{future:{other:\"+{0} d\"},past:{other:\"-{0} d\"}}},hour:{displayName:\"Hour\",relativeTime:{future:{other:\"+{0} h\"},past:{other:\"-{0} h\"}}},minute:{displayName:\"Minute\",relativeTime:{future:{other:\"+{0} min\"},past:{other:\"-{0} min\"}}},second:{displayName:\"Second\",relative:{0:\"now\"},relativeTime:{future:{other:\"+{0} s\"},past:{other:\"-{0} s\"}}}}},{locale:\"vun\",pluralRuleFunction:function(e,t){return t?\"other\":1==e?\"one\":\"other\"},fields:{year:{displayName:\"Maka\",relative:{0:\"this year\",1:\"next year\",\"-1\":\"last year\"},relativeTime:{future:{other:\"+{0} y\"},past:{other:\"-{0} y\"}}},month:{displayName:\"Mori\",relative:{0:\"this month\",1:\"next month\",\"-1\":\"last month\"},relativeTime:{future:{other:\"+{0} m\"},past:{other:\"-{0} m\"}}},day:{displayName:\"Mfiri\",relative:{0:\"Inu\",1:\"Ngama\",\"-1\":\"Ukou\"},relativeTime:{future:{other:\"+{0} d\"},past:{other:\"-{0} d\"}}},hour:{displayName:\"Saa\",relativeTime:{future:{other:\"+{0} h\"},past:{other:\"-{0} h\"}}},minute:{displayName:\"Dakyika\",relativeTime:{future:{other:\"+{0} min\"},past:{other:\"-{0} min\"}}},second:{displayName:\"Sekunde\",relative:{0:\"now\"},relativeTime:{future:{other:\"+{0} s\"},past:{other:\"-{0} s\"}}}}},{locale:\"wa\",pluralRuleFunction:function(e,t){return t?\"other\":0==e||1==e?\"one\":\"other\"},fields:{year:{displayName:\"Year\",relative:{0:\"this year\",1:\"next year\",\"-1\":\"last year\"},relativeTime:{future:{other:\"+{0} y\"},past:{other:\"-{0} y\"}}},month:{displayName:\"Month\",relative:{0:\"this month\",1:\"next month\",\"-1\":\"last month\"},relativeTime:{future:{other:\"+{0} m\"},past:{other:\"-{0} m\"}}},day:{displayName:\"Day\",relative:{0:\"today\",1:\"tomorrow\",\"-1\":\"yesterday\"},relativeTime:{future:{other:\"+{0} d\"},past:{other:\"-{0} d\"}}},hour:{displayName:\"Hour\",relativeTime:{future:{other:\"+{0} h\"},past:{other:\"-{0} h\"}}},minute:{displayName:\"Minute\",relativeTime:{future:{other:\"+{0} min\"},past:{other:\"-{0} min\"}}},second:{displayName:\"Second\",relative:{0:\"now\"},relativeTime:{future:{other:\"+{0} s\"},past:{other:\"-{0} s\"}}}}},{locale:\"wae\",pluralRuleFunction:function(e,t){return t?\"other\":1==e?\"one\":\"other\"},fields:{year:{displayName:\"Jár\",relative:{0:\"this year\",1:\"next year\",\"-1\":\"last year\"},relativeTime:{future:{one:\"I {0} jár\",other:\"I {0} jár\"},past:{one:\"vor {0} jár\",other:\"cor {0} jár\"}}},month:{displayName:\"Mánet\",relative:{0:\"this month\",1:\"next month\",\"-1\":\"last month\"},relativeTime:{future:{one:\"I {0} mánet\",other:\"I {0} mánet\"},past:{one:\"vor {0} mánet\",other:\"vor {0} mánet\"}}},day:{displayName:\"Tag\",relative:{0:\"Hitte\",1:\"Móre\",2:\"Ubermóre\",\"-2\":\"Vorgešter\",\"-1\":\"Gešter\"},relativeTime:{future:{one:\"i {0} tag\",other:\"i {0} täg\"},past:{one:\"vor {0} tag\",other:\"vor {0} täg\"}}},hour:{displayName:\"Schtund\",relativeTime:{future:{one:\"i {0} stund\",other:\"i {0} stunde\"},past:{one:\"vor {0} stund\",other:\"vor {0} stunde\"}}},minute:{displayName:\"Mínütta\",relativeTime:{future:{one:\"i {0} minüta\",other:\"i {0} minüte\"},past:{one:\"vor {0} minüta\",other:\"vor {0} minüte\"}}},second:{displayName:\"Sekunda\",relative:{0:\"now\"},relativeTime:{future:{one:\"i {0} sekund\",other:\"i {0} sekunde\"},past:{one:\"vor {0} sekund\",other:\"vor {0} sekunde\"}}}}},{locale:\"wo\",pluralRuleFunction:function(e,t){return\"other\"},fields:{year:{displayName:\"Year\",relative:{0:\"this year\",1:\"next year\",\"-1\":\"last year\"},relativeTime:{future:{other:\"+{0} y\"},past:{other:\"-{0} y\"}}},month:{displayName:\"Month\",relative:{0:\"this month\",1:\"next month\",\"-1\":\"last month\"},relativeTime:{future:{other:\"+{0} m\"},past:{other:\"-{0} m\"}}},day:{displayName:\"Day\",relative:{0:\"today\",1:\"tomorrow\",\"-1\":\"yesterday\"},relativeTime:{future:{other:\"+{0} d\"},past:{other:\"-{0} d\"}}},hour:{displayName:\"Hour\",relativeTime:{future:{other:\"+{0} h\"},past:{other:\"-{0} h\"}}},minute:{displayName:\"Minute\",relativeTime:{future:{other:\"+{0} min\"},past:{other:\"-{0} min\"}}},second:{displayName:\"Second\",relative:{0:\"now\"},relativeTime:{future:{other:\"+{0} s\"},past:{other:\"-{0} s\"}}}}},{locale:\"xh\",pluralRuleFunction:function(e,t){return t?\"other\":1==e?\"one\":\"other\"},fields:{year:{displayName:\"Year\",relative:{0:\"this year\",1:\"next year\",\"-1\":\"last year\"},relativeTime:{future:{other:\"+{0} y\"},past:{other:\"-{0} y\"}}},month:{displayName:\"Month\",relative:{0:\"this month\",1:\"next month\",\"-1\":\"last month\"},relativeTime:{future:{other:\"+{0} m\"},past:{other:\"-{0} m\"}}},day:{displayName:\"Day\",relative:{0:\"today\",1:\"tomorrow\",\"-1\":\"yesterday\"},relativeTime:{future:{other:\"+{0} d\"},past:{other:\"-{0} d\"}}},hour:{displayName:\"Hour\",relativeTime:{future:{other:\"+{0} h\"},past:{other:\"-{0} h\"}}},minute:{displayName:\"Minute\",relativeTime:{future:{other:\"+{0} min\"},past:{other:\"-{0} min\"}}},second:{displayName:\"Second\",relative:{0:\"now\"},relativeTime:{future:{other:\"+{0} s\"},past:{other:\"-{0} s\"}}}}},{locale:\"xog\",pluralRuleFunction:function(e,t){return t?\"other\":1==e?\"one\":\"other\"},fields:{year:{displayName:\"Omwaka\",relative:{0:\"this year\",1:\"next year\",\"-1\":\"last year\"},relativeTime:{future:{other:\"+{0} y\"},past:{other:\"-{0} y\"}}},month:{displayName:\"Omwezi\",relative:{0:\"this month\",1:\"next month\",\"-1\":\"last month\"},relativeTime:{future:{other:\"+{0} m\"},past:{other:\"-{0} m\"}}},day:{displayName:\"Olunaku\",relative:{0:\"Olwaleelo (leelo)\",1:\"Enkyo\",\"-1\":\"Edho\"},relativeTime:{future:{other:\"+{0} d\"},past:{other:\"-{0} d\"}}},hour:{displayName:\"Essawa\",relativeTime:{future:{other:\"+{0} h\"},past:{other:\"-{0} h\"}}},minute:{displayName:\"Edakiika\",relativeTime:{future:{other:\"+{0} min\"},past:{other:\"-{0} min\"}}},second:{displayName:\"Obutikitiki\",relative:{0:\"now\"},relativeTime:{future:{other:\"+{0} s\"},past:{other:\"-{0} s\"}}}}},{locale:\"yav\",pluralRuleFunction:function(e,t){return\"other\"},fields:{year:{displayName:\"yɔɔŋ\",relative:{0:\"this year\",1:\"next year\",\"-1\":\"last year\"},relativeTime:{future:{other:\"+{0} y\"},past:{other:\"-{0} y\"}}},month:{displayName:\"oóli\",relative:{0:\"this month\",1:\"next month\",\"-1\":\"last month\"},relativeTime:{future:{other:\"+{0} m\"},past:{other:\"-{0} m\"}}},day:{displayName:\"puɔ́sɛ́\",relative:{0:\"ínaan\",1:\"nakinyám\",\"-1\":\"púyoó\"},relativeTime:{future:{other:\"+{0} d\"},past:{other:\"-{0} d\"}}},hour:{displayName:\"kisikɛl,\",relativeTime:{future:{other:\"+{0} h\"},past:{other:\"-{0} h\"}}},minute:{displayName:\"minít\",relativeTime:{future:{other:\"+{0} min\"},past:{other:\"-{0} min\"}}},second:{displayName:\"síkɛn\",relative:{0:\"now\"},relativeTime:{future:{other:\"+{0} s\"},past:{other:\"-{0} s\"}}}}},{locale:\"yi\",pluralRuleFunction:function(e,t){var a=String(e).split(\".\"),r=!a[1];return t?\"other\":1==e&&r?\"one\":\"other\"},fields:{year:{displayName:\"יאָר\",relative:{0:\"הײַ יאָר\",1:\"איבער א יאָר\",\"-1\":\"פֿאַראַיאָר\"},relativeTime:{future:{one:\"איבער {0} יאָר\",other:\"איבער {0} יאָר\"},past:{one:\"פֿאַר {0} יאָר\",other:\"פֿאַר {0} יאָר\"}}},month:{displayName:\"מאנאַט\",relative:{0:\"דעם חודש\",1:\"קומענדיקן חודש\",\"-1\":\"פֿאַרגאנגענעם חודש\"},relativeTime:{future:{one:\"איבער {0} חודש\",other:\"איבער {0} חדשים\"},past:{one:\"פֿאַר {0} חודש\",other:\"פֿאַר {0} חדשים\"}}},day:{displayName:\"טאָג\",relative:{0:\"היינט\",1:\"מארגן\",\"-1\":\"נעכטן\"},relativeTime:{future:{one:\"אין {0} טאָג אַרום\",other:\"אין {0} טעג אַרום\"},past:{other:\"-{0} d\"}}},hour:{displayName:\"שעה\",relativeTime:{future:{other:\"+{0} h\"},past:{other:\"-{0} h\"}}},minute:{displayName:\"מינוט\",relativeTime:{future:{other:\"+{0} min\"},past:{other:\"-{0} min\"}}},second:{displayName:\"סעקונדע\",relative:{0:\"now\"},relativeTime:{future:{other:\"+{0} s\"},past:{other:\"-{0} s\"}}}}},{locale:\"yo\",pluralRuleFunction:function(e,t){return\"other\"},fields:{year:{displayName:\"Ọdún\",relative:{0:\"this year\",1:\"next year\",\"-1\":\"last year\"},relativeTime:{future:{other:\"+{0} y\"},past:{other:\"-{0} y\"}}},month:{displayName:\"Osù\",relative:{0:\"this month\",1:\"next month\",\"-1\":\"last month\"},relativeTime:{future:{other:\"+{0} m\"},past:{other:\"-{0} m\"}}},day:{displayName:\"Ọjọ́\",relative:{0:\"Òní\",1:\"Ọ̀la\",2:\"òtúùnla\",\"-2\":\"íjẹta\",\"-1\":\"Àná\"},relativeTime:{future:{other:\"+{0} d\"},past:{other:\"-{0} d\"}}},hour:{displayName:\"wákàtí\",relativeTime:{future:{other:\"+{0} h\"},past:{other:\"-{0} h\"}}},minute:{displayName:\"Ìsẹ́jú\",relativeTime:{future:{other:\"+{0} min\"},past:{other:\"-{0} min\"}}},second:{displayName:\"Ìsẹ́jú Ààyá\",relative:{0:\"now\"},relativeTime:{future:{other:\"+{0} s\"},past:{other:\"-{0} s\"}}}}},{locale:\"yo-BJ\",parentLocale:\"yo\",fields:{year:{displayName:\"Ɔdún\",relative:{0:\"this year\",1:\"next year\",\"-1\":\"last year\"},relativeTime:{future:{other:\"+{0} y\"},past:{other:\"-{0} y\"}}},month:{displayName:\"Osù\",relative:{0:\"this month\",1:\"next month\",\"-1\":\"last month\"},relativeTime:{future:{other:\"+{0} m\"},past:{other:\"-{0} m\"}}},day:{displayName:\"Ɔjɔ́\",relative:{0:\"Òní\",1:\"Ɔ̀la\",2:\"òtúùnla\",\"-2\":\"íjɛta\",\"-1\":\"Àná\"},relativeTime:{future:{other:\"+{0} d\"},past:{other:\"-{0} d\"}}},hour:{displayName:\"wákàtí\",relativeTime:{future:{other:\"+{0} h\"},past:{other:\"-{0} h\"}}},minute:{displayName:\"Ìsɛ́jú\",relativeTime:{future:{other:\"+{0} min\"},past:{other:\"-{0} min\"}}},second:{displayName:\"Ìsɛ́jú Ààyá\",relative:{0:\"now\"},relativeTime:{future:{other:\"+{0} s\"},past:{other:\"-{0} s\"}}}}},{locale:\"zgh\",pluralRuleFunction:function(e,t){return\"other\"},fields:{year:{displayName:\"ⴰⵙⴳⴳⵯⴰⵙ\",relative:{0:\"this year\",1:\"next year\",\"-1\":\"last year\"},relativeTime:{future:{other:\"+{0} y\"},past:{other:\"-{0} y\"}}},month:{displayName:\"ⴰⵢⵢⵓⵔ\",relative:{0:\"this month\",1:\"next month\",\"-1\":\"last month\"},relativeTime:{future:{other:\"+{0} m\"},past:{other:\"-{0} m\"}}},day:{displayName:\"ⴰⵙⵙ\",relative:{0:\"ⴰⵙⵙⴰ\",1:\"ⴰⵙⴽⴽⴰ\",\"-1\":\"ⵉⴹⵍⵍⵉ\"},relativeTime:{future:{other:\"+{0} d\"},past:{other:\"-{0} d\"}}},hour:{displayName:\"ⵜⴰⵙⵔⴰⴳⵜ\",relativeTime:{future:{other:\"+{0} h\"},past:{other:\"-{0} h\"}}},minute:{displayName:\"ⵜⵓⵙⴷⵉⴷⵜ\",relativeTime:{future:{other:\"+{0} min\"},past:{other:\"-{0} min\"}}},second:{displayName:\"ⵜⴰⵙⵉⵏⵜ\",relative:{0:\"now\"},relativeTime:{future:{other:\"+{0} s\"},past:{other:\"-{0} s\"}}}}},{locale:\"zh\",pluralRuleFunction:function(e,t){return\"other\"},fields:{year:{displayName:\"年\",relative:{0:\"今年\",1:\"明年\",\"-1\":\"去年\"},relativeTime:{future:{other:\"{0}年后\"},past:{other:\"{0}年前\"}}},month:{displayName:\"月\",relative:{0:\"本月\",1:\"下个月\",\"-1\":\"上个月\"},relativeTime:{future:{other:\"{0}个月后\"},past:{other:\"{0}个月前\"}}},day:{displayName:\"日\",relative:{0:\"今天\",1:\"明天\",2:\"后天\",\"-2\":\"前天\",\"-1\":\"昨天\"},relativeTime:{future:{other:\"{0}天后\"},past:{other:\"{0}天前\"}}},hour:{displayName:\"小时\",relativeTime:{future:{other:\"{0}小时后\"},past:{other:\"{0}小时前\"}}},minute:{displayName:\"分钟\",relativeTime:{future:{other:\"{0}分钟后\"},past:{other:\"{0}分钟前\"}}},second:{displayName:\"秒钟\",relative:{0:\"现在\"},relativeTime:{future:{other:\"{0}秒钟后\"},past:{other:\"{0}秒钟前\"}}}}},{locale:\"zh-Hans\",parentLocale:\"zh\"},{locale:\"zh-Hans-HK\",parentLocale:\"zh-Hans\",fields:{year:{displayName:\"年\",relative:{0:\"今年\",1:\"明年\",\"-1\":\"去年\"},relativeTime:{future:{other:\"{0}年后\"},past:{other:\"{0}年前\"}}},month:{displayName:\"月\",relative:{0:\"本月\",1:\"下个月\",\"-1\":\"上个月\"},relativeTime:{future:{other:\"{0}个月后\"},past:{other:\"{0}个月前\"}}},day:{displayName:\"日\",relative:{0:\"今天\",1:\"明天\",2:\"后天\",\"-2\":\"前天\",\"-1\":\"昨天\"},relativeTime:{future:{other:\"{0}天后\"},past:{other:\"{0}天前\"}}},hour:{displayName:\"小时\",relativeTime:{future:{other:\"{0}小时后\"},past:{other:\"{0}小时前\"}}},minute:{displayName:\"分钟\",relativeTime:{future:{other:\"{0}分钟后\"},past:{other:\"{0}分钟前\"}}},second:{displayName:\"秒钟\",relative:{0:\"现在\"},relativeTime:{future:{other:\"{0}秒后\"},past:{other:\"{0}秒前\"}}}}},{locale:\"zh-Hans-MO\",parentLocale:\"zh-Hans\",fields:{year:{displayName:\"年\",relative:{0:\"今年\",1:\"明年\",\"-1\":\"去年\"},relativeTime:{future:{other:\"{0}年后\"},past:{other:\"{0}年前\"}}},month:{displayName:\"月\",relative:{0:\"本月\",1:\"下个月\",\"-1\":\"上个月\"},relativeTime:{future:{other:\"{0}个月后\"},past:{other:\"{0}个月前\"}}},day:{displayName:\"日\",relative:{0:\"今天\",1:\"明天\",2:\"后天\",\"-2\":\"前天\",\"-1\":\"昨天\"},relativeTime:{future:{other:\"{0}天后\"},past:{other:\"{0}天前\"}}},hour:{displayName:\"小时\",relativeTime:{future:{other:\"{0}小时后\"},past:{other:\"{0}小时前\"}}},minute:{displayName:\"分钟\",relativeTime:{future:{other:\"{0}分钟后\"},past:{other:\"{0}分钟前\"}}},second:{displayName:\"秒钟\",relative:{0:\"现在\"},relativeTime:{future:{other:\"{0}秒后\"},past:{other:\"{0}秒前\"}}}}},{locale:\"zh-Hans-SG\",parentLocale:\"zh-Hans\",fields:{year:{displayName:\"年\",relative:{0:\"今年\",1:\"明年\",\"-1\":\"去年\"},relativeTime:{future:{other:\"{0}年后\"},past:{other:\"{0}年前\"}}},month:{displayName:\"月\",relative:{0:\"本月\",1:\"下个月\",\"-1\":\"上个月\"},relativeTime:{future:{other:\"{0}个月后\"},past:{other:\"{0}个月前\"}}},day:{displayName:\"日\",relative:{0:\"今天\",1:\"明天\",2:\"后天\",\"-2\":\"前天\",\"-1\":\"昨天\"},relativeTime:{future:{other:\"{0}天后\"},past:{other:\"{0}天前\"}}},hour:{displayName:\"小时\",relativeTime:{future:{other:\"{0}小时后\"},past:{other:\"{0}小时前\"}}},minute:{displayName:\"分钟\",relativeTime:{future:{other:\"{0}分钟后\"},past:{other:\"{0}分钟前\"}}},second:{displayName:\"秒钟\",relative:{0:\"现在\"},relativeTime:{future:{other:\"{0}秒后\"},past:{other:\"{0}秒前\"}}}}},{locale:\"zh-Hant\",pluralRuleFunction:function(e,t){return\"other\"},fields:{year:{displayName:\"年\",relative:{0:\"今年\",1:\"明年\",\"-1\":\"去年\"},relativeTime:{future:{other:\"{0} 年後\"},past:{other:\"{0} 年前\"}}},month:{displayName:\"月\",relative:{0:\"本月\",1:\"下個月\",\"-1\":\"上個月\"},relativeTime:{future:{other:\"{0} 個月後\"},past:{other:\"{0} 個月前\"}}},day:{displayName:\"日\",relative:{0:\"今天\",1:\"明天\",2:\"後天\",\"-2\":\"前天\",\"-1\":\"昨天\"},relativeTime:{future:{other:\"{0} 天後\"},past:{other:\"{0} 天前\"}}},hour:{displayName:\"小時\",relativeTime:{future:{other:\"{0} 小時後\"},past:{other:\"{0} 小時前\"}}},minute:{displayName:\"分鐘\",relativeTime:{future:{other:\"{0} 分鐘後\"},past:{other:\"{0} 分鐘前\"}}},second:{displayName:\"秒\",relative:{0:\"現在\"},relativeTime:{future:{other:\"{0} 秒後\"},past:{other:\"{0} 秒前\"}}}}},{locale:\"zh-Hant-HK\",parentLocale:\"zh-Hant\",fields:{year:{displayName:\"年\",relative:{0:\"今年\",1:\"下年\",\"-1\":\"上年\"},relativeTime:{future:{other:\"{0} 年後\"},past:{other:\"{0} 年前\"}}},month:{displayName:\"月\",relative:{0:\"本月\",1:\"下個月\",\"-1\":\"上個月\"},relativeTime:{future:{other:\"{0} 個月後\"},past:{other:\"{0} 個月前\"}}},day:{displayName:\"日\",relative:{0:\"今日\",1:\"明日\",2:\"後日\",\"-2\":\"前日\",\"-1\":\"昨日\"},relativeTime:{future:{other:\"{0} 日後\"},past:{other:\"{0} 日前\"}}},hour:{displayName:\"小時\",relativeTime:{future:{other:\"{0} 小時後\"},past:{other:\"{0} 小時前\"}}},minute:{displayName:\"分鐘\",relativeTime:{future:{other:\"{0} 分鐘後\"},past:{other:\"{0} 分鐘前\"","}}},second:{displayName:\"秒\",relative:{0:\"現在\"},relativeTime:{future:{other:\"{0} 秒後\"},past:{other:\"{0} 秒前\"}}}}},{locale:\"zh-Hant-MO\",parentLocale:\"zh-Hant-HK\"},{locale:\"zu\",pluralRuleFunction:function(e,t){return t?\"other\":e>=0&&e<=1?\"one\":\"other\"},fields:{year:{displayName:\"Unyaka\",relative:{0:\"kulo nyaka\",1:\"unyaka ozayo\",\"-1\":\"onyakeni odlule\"},relativeTime:{future:{one:\"onyakeni ongu-{0} ozayo\",other:\"eminyakeni engu-{0} ezayo\"},past:{one:\"{0} unyaka odlule\",other:\"{0} iminyaka edlule\"}}},month:{displayName:\"Inyanga\",relative:{0:\"le nyanga\",1:\"inyanga ezayo\",\"-1\":\"inyanga edlule\"},relativeTime:{future:{one:\"enyangeni engu-{0}\",other:\"ezinyangeni ezingu-{0} ezizayo\"},past:{one:\"{0} inyanga edlule\",other:\"{0} izinyanga ezedlule\"}}},day:{displayName:\"Usuku\",relative:{0:\"namhlanje\",1:\"kusasa\",2:\"usuku olulandela olwakusasa\",\"-2\":\"usuku olwandulela olwayizolo\",\"-1\":\"izolo\"},relativeTime:{future:{one:\"osukwini olungu-{0} oluzayo\",other:\"ezinsukwini ezingu-{0} ezizayo\"},past:{one:\"osukwini olungu-{0} olwedlule\",other:\"ezinsukwini ezingu-{0} ezedlule.\"}}},hour:{displayName:\"Ihora\",relativeTime:{future:{one:\"ehoreni elingu-{0} elizayo\",other:\"emahoreni angu-{0} ezayo\"},past:{one:\"{0} ihora eledlule\",other:\"emahoreni angu-{0} edlule\"}}},minute:{displayName:\"Iminithi\",relativeTime:{future:{one:\"kuminithi elingu-{0} elizayo\",other:\"kumaminithi angu-{0} ezayo\"},past:{one:\"{0} iminithi eledlule\",other:\"{0} amaminithi edlule\"}}},second:{displayName:\"Isekhondi\",relative:{0:\"manje\"},relativeTime:{future:{one:\"kusekhondi elingu-{0} elizayo\",other:\"kumasekhondi angu-{0} ezayo\"},past:{one:\"{0} isekhondi eledlule\",other:\"{0} amasekhondi edlule\"}}}}}];return e});",""],"l":{"1":1,"2":0,"3":0,"4":0,"5":0,"6":0,"7":0,"8":0,"9":0,"10":1}}}